#
# A fatal error has been detected by the Java Runtime Environment:
#
#  EXCEPTION_ACCESS_VIOLATION (0xc0000005) at pc=0x00007ff91b941820, pid=1336, tid=26304
#
# JRE version: OpenJDK Runtime Environment (11.0.15) (build 11.0.15+0-b2043.56-9505619)
# Java VM: OpenJDK 64-Bit Server VM (11.0.15+0-b2043.56-9505619, mixed mode, tiered, compressed oops, g1 gc, windows-amd64)
# Problematic frame:
# C  [native-platform-file-events.dll+0xf1820]
#
# No core dump will be written. Minidumps are not enabled by default on client versions of Windows
#
# If you would like to submit a bug report, please visit:
#   https://bugreport.java.com/bugreport/crash.jsp
# The crash happened outside the Java Virtual Machine in native code.
# See problematic frame for where to report the bug.
#

---------------  S U M M A R Y ------------

Command Line: --add-opens=java.base/java.util=ALL-UNNAMED --add-opens=java.base/java.lang=ALL-UNNAMED --add-opens=java.base/java.lang.invoke=ALL-UNNAMED --add-opens=java.base/java.util=ALL-UNNAMED --add-opens=java.prefs/java.util.prefs=ALL-UNNAMED --add-opens=java.prefs/java.util.prefs=ALL-UNNAMED --add-opens=java.base/java.nio.charset=ALL-UNNAMED --add-opens=java.base/java.net=ALL-UNNAMED --add-opens=java.base/java.util.concurrent.atomic=ALL-UNNAMED -Xmx2048m -Dfile.encoding=UTF-8 -Duser.country=US -Duser.language=en -Duser.variant org.gradle.launcher.daemon.bootstrap.GradleDaemon 7.5

Host: Intel(R) Core(TM) i7-8750H CPU @ 2.20GHz, 12 cores, 11G,  Windows 11 , 64 bit Build 22621 (10.0.22621.1485)
Time: Thu Apr 27 13:32:29 2023 Malay Peninsula Standard Time elapsed time: 58.010703 seconds (0d 0h 0m 58s)

---------------  T H R E A D  ---------------

Current thread (0x0000018eed7d6000):  JavaThread "File watcher server" daemon [_thread_in_native, id=26304, stack(0x00000031c4800000,0x00000031c4900000)]

Stack: [0x00000031c4800000,0x00000031c4900000],  sp=0x00000031c48fe398,  free space=1016k
Native frames: (J=compiled Java code, j=interpreted, Vv=VM code, C=native code)
C  [native-platform-file-events.dll+0xf1820]

Java frames: (J=compiled Java code, j=interpreted, Vv=VM code)
j  net.rubygrapefruit.platform.internal.jni.AbstractFileEventFunctions$NativeFileWatcher.executeRunLoop0(Ljava/lang/Object;)V+0
j  net.rubygrapefruit.platform.internal.jni.AbstractFileEventFunctions$NativeFileWatcher.access$100(Lnet/rubygrapefruit/platform/internal/jni/AbstractFileEventFunctions$NativeFileWatcher;Ljava/lang/Object;)V+2
j  net.rubygrapefruit.platform.internal.jni.AbstractFileEventFunctions$NativeFileWatcher$1.run()V+26
v  ~StubRoutines::call_stub

siginfo: EXCEPTION_ACCESS_VIOLATION (0xc0000005), reading address 0xffffffffffffffff


Register to memory mapping:

RIP=0x00007ff91b941820 native-platform-file-events.dll
RAX=0x8b4774c63b41d88b is an unknown value
RBX=0x0 is NULL
RCX=0x00000031cdefba48 is pointing into the stack for thread: 0x0000018eed2fb800
RDX=0x0 is NULL
RSP=0x00000031c48fe398 is pointing into the stack for thread: 0x0000018eed7d6000
RBP=0x00000031c48fed98 is pointing into the stack for thread: 0x0000018eed7d6000
RSI=0x00000031cdefba40 is pointing into the stack for thread: 0x0000018eed2fb800
RDI=0x00000031cdefba00 is pointing into the stack for thread: 0x0000018eed2fb800
R8 =0x0000000000000001 is an unknown value
R9 =0x0000000000000001 is an unknown value
R10=0x0000000000000003 is an unknown value
R11=0x00000031c48fe050 is pointing into the stack for thread: 0x0000018eed7d6000
R12=0x0 is NULL
R13={method} {0x0000018eefccfad0} 'executeRunLoop0' '(Ljava/lang/Object;)V' in 'net/rubygrapefruit/platform/internal/jni/AbstractFileEventFunctions$NativeFileWatcher'
R14=0x0 is NULL
R15=0x0000018eed7d6000 is a thread


Registers:
RAX=0x8b4774c63b41d88b, RBX=0x0000000000000000, RCX=0x00000031cdefba48, RDX=0x0000000000000000
RSP=0x00000031c48fe398, RBP=0x00000031c48fed98, RSI=0x00000031cdefba40, RDI=0x00000031cdefba00
R8 =0x0000000000000001, R9 =0x0000000000000001, R10=0x0000000000000003, R11=0x00000031c48fe050
R12=0x0000000000000000, R13=0x0000018eefccfac8, R14=0x0000000000000000, R15=0x0000018eed7d6000
RIP=0x00007ff91b941820, EFLAGS=0x0000000000010287

Top of Stack: (sp=0x00000031c48fe398)
0x00000031c48fe398:   00007ff91b8963b9 00007ff91b8557b3
0x00000031c48fe3a8:   0000018eee8a1380 000000000070006f
0x00000031c48fe3b8:   00007ff91b873133 0000018eeeb0e258
0x00000031c48fe3c8:   00007ff97b161597 0000fb4912cf135b
0x00000031c48fe3d8:   00007ff91b87da83 00000031c48fedc0
0x00000031c48fe3e8:   00000031cdefba00 00007ff91b86f150
0x00000031c48fe3f8:   00007ff91b88709b 00000031cdefba40
0x00000031c48fe408:   00000031c48fe460 0000000000000000
0x00000031c48fe418:   00007ff91b87bfae 0000018eeeb0e250
0x00000031c48fe428:   00007ff91b8792a6 00000031cdefba40
0x00000031c48fe438:   00000000806449d8 0000018eeeb0e250
0x00000031c48fe448:   0000000000000000 00000031c48fe480
0x00000031c48fe458:   00007ff91b8864c2 00000031c48fe4a0
0x00000031c48fe468:   00000031cdefba40 0000018ed3749fd0
0x00000031c48fe478:   00007ff91b8557b3 0000000000000001
0x00000031c48fe488:   00000031c48fe488 0000018eea56fced 

Instructions: (pc=0x00007ff91b941820)
0x00007ff91b941720:   cc cc cc cc cc cc cc cc cc cc cc cc cc cc cc cc
0x00007ff91b941730:   cc cc cc cc cc cc cc cc cc cc cc cc cc cc cc cc
0x00007ff91b941740:   cc cc cc cc cc cc cc cc cc cc cc cc cc cc cc cc
0x00007ff91b941750:   cc cc cc cc cc cc cc cc cc cc cc cc cc cc cc cc
0x00007ff91b941760:   cc cc cc cc cc cc cc cc cc cc cc cc cc cc cc cc
0x00007ff91b941770:   cc cc cc cc cc cc cc cc cc cc cc cc cc cc cc cc
0x00007ff91b941780:   cc cc cc cc cc cc cc cc cc cc cc cc cc cc cc cc
0x00007ff91b941790:   cc cc cc cc cc cc cc cc cc cc cc cc cc cc cc cc
0x00007ff91b9417a0:   cc cc cc cc cc cc cc cc cc cc cc cc cc cc cc cc
0x00007ff91b9417b0:   cc cc cc cc cc cc cc cc cc cc cc cc cc cc cc cc
0x00007ff91b9417c0:   cc cc cc cc cc cc cc cc cc cc cc cc cc cc cc cc
0x00007ff91b9417d0:   cc cc cc cc cc cc cc cc cc cc cc cc cc cc cc cc
0x00007ff91b9417e0:   cc cc cc cc cc cc cc cc cc cc cc cc cc cc cc cc
0x00007ff91b9417f0:   cc cc cc cc cc cc cc cc cc cc cc cc cc cc cc cc
0x00007ff91b941800:   cc cc cc cc cc cc cc cc cc cc cc cc cc cc cc cc
0x00007ff91b941810:   cc cc cc cc cc cc 66 66 0f 1f 84 00 00 00 00 00
0x00007ff91b941820:   ff e0 cc cc cc cc cc cc cc cc cc cc cc cc cc cc
0x00007ff91b941830:   cc cc cc cc cc cc 66 66 0f 1f 84 00 00 00 00 00
0x00007ff91b941840:   ff 25 da e7 04 00 cc cc cc cc cc cc cc cc cc cc
0x00007ff91b941850:   cc cc cc cc cc cc cc cc cc cc cc cc cc cc cc cc
0x00007ff91b941860:   cc cc cc cc cc cc cc cc cc cc cc cc cc cc cc cc
0x00007ff91b941870:   cc cc cc cc cc cc cc cc cc cc cc cc cc cc cc cc
0x00007ff91b941880:   cc cc cc cc cc cc cc cc cc cc cc cc cc cc cc cc
0x00007ff91b941890:   cc cc cc cc cc cc cc cc cc cc cc cc cc cc cc cc
0x00007ff91b9418a0:   cc cc cc cc cc cc cc cc cc cc cc cc cc cc cc cc
0x00007ff91b9418b0:   cc cc cc cc cc cc cc cc cc cc cc cc cc cc cc cc
0x00007ff91b9418c0:   cc cc cc cc cc cc cc cc cc cc cc cc cc cc cc cc
0x00007ff91b9418d0:   cc cc cc cc cc cc cc cc cc cc cc cc cc cc cc cc
0x00007ff91b9418e0:   cc cc cc cc cc cc cc cc cc cc cc cc cc cc cc cc
0x00007ff91b9418f0:   cc cc cc cc cc cc cc cc cc cc cc cc cc cc cc cc
0x00007ff91b941900:   cc cc cc cc cc cc cc cc cc cc cc cc cc cc cc cc
0x00007ff91b941910:   cc cc cc cc cc cc cc cc cc cc cc cc cc cc cc cc 


Stack slot to memory mapping:
stack at sp + 0 slots: 0x00007ff91b8963b9 native-platform-file-events.dll
stack at sp + 1 slots: 0x00007ff91b8557b3 native-platform-file-events.dll
stack at sp + 2 slots: 0x0000018eee8a1380 points into unknown readable memory: 0x4c28e1fb0001006b | 6b 00 01 00 fb e1 28 4c
stack at sp + 3 slots: 0x000000000070006f is an unknown value
stack at sp + 4 slots: 0x00007ff91b873133 native-platform-file-events.dll
stack at sp + 5 slots: 0x0000018eeeb0e258 points into unknown readable memory: 0x0000018eeb4841d0 | d0 41 48 eb 8e 01 00 00
stack at sp + 6 slots: 0x00007ff97b161597 java.dll
stack at sp + 7 slots: 0x0000fb4912cf135b is an unknown value


---------------  P R O C E S S  ---------------

Threads class SMR info:
_java_thread_list=0x0000018eebe69ee0, length=180, elements={
0x0000018ecfc1e800, 0x0000018eead72000, 0x0000018eead73000, 0x0000018eead73800,
0x0000018eead74800, 0x0000018eead76000, 0x0000018eeadd0000, 0x0000018eeadd1800,
0x0000018eeadd8800, 0x0000018eead75000, 0x0000018eead71000, 0x0000018eead70800,
0x0000018eead77000, 0x0000018eed7cf800, 0x0000018eed7d1000, 0x0000018eed7cd000,
0x0000018eed7cd800, 0x0000018eed7ce800, 0x0000018eed7d0000, 0x0000018eed7d1800,
0x0000018eed7cc000, 0x0000018eed7d6800, 0x0000018eed7d7800, 0x0000018eed7d6000,
0x0000018eed7d3800, 0x0000018eed7d8000, 0x0000018eed7d2800, 0x0000018eed7d9000,
0x0000018eed7da000, 0x0000018eed7d5000, 0x0000018eed7d4000, 0x0000018eed7da800,
0x0000018eed720800, 0x0000018eed71b800, 0x0000018eed71e800, 0x0000018eed71f800,
0x0000018eed721000, 0x0000018eed71c800, 0x0000018eed723000, 0x0000018eed71d000,
0x0000018eed725000, 0x0000018eed723800, 0x0000018eed726000, 0x0000018eed727000,
0x0000018eed727800, 0x0000018eed728800, 0x0000018eed729800, 0x0000018eed72a000,
0x0000018eed724800, 0x0000018ef0db1800, 0x0000018ef0daf800, 0x0000018ef0db2000,
0x0000018ef0db3000, 0x0000018ef0db4000, 0x0000018ef0db4800, 0x0000018ef0db5800,
0x0000018ef0db6000, 0x0000018ef0db0800, 0x0000018ef0dba800, 0x0000018ef0dbc000,
0x0000018ef0db8800, 0x0000018ef0dbc800, 0x0000018ef0db9800, 0x0000018ef0dbb000,
0x0000018ef0db7000, 0x0000018ef0dbd800, 0x0000018ef0db8000, 0x0000018ef0dbe800,
0x0000018eec0e0000, 0x0000018eec0de800, 0x0000018eec0e3000, 0x0000018eec0e2800,
0x0000018eec0dd800, 0x0000018eec0e0800, 0x0000018eec0e1800, 0x0000018eec0e4000,
0x0000018eec0e5000, 0x0000018eec0df000, 0x0000018eec0ea800, 0x0000018eec0e5800,
0x0000018eec0e8000, 0x0000018eec0e9800, 0x0000018eec0eb800, 0x0000018eec0e7000,
0x0000018eec0e9000, 0x0000018eec0ec000, 0x0000018eec0e6800, 0x0000018eedfdc800,
0x0000018eedfda800, 0x0000018eedfdf000, 0x0000018eedfdd800, 0x0000018eedfde800,
0x0000018eedfd9800, 0x0000018eedfdb000, 0x0000018eedfe1000, 0x0000018eedfe0000,
0x0000018eedfe1800, 0x0000018eedfdc000, 0x0000018eedfe3800, 0x0000018eedfe2800,
0x0000018eedfe8000, 0x0000018eedfe4000, 0x0000018eedfe5800, 0x0000018eedfe6800,
0x0000018eedfe7800, 0x0000018eedfe5000, 0x0000018eec71d000, 0x0000018eec718800,
0x0000018eec71b000, 0x0000018eec717800, 0x0000018eec71b800, 0x0000018eec71c800,
0x0000018eec71f000, 0x0000018eec719000, 0x0000018eec71f800, 0x0000018eec71e000,
0x0000018eec71a000, 0x0000018eec724000, 0x0000018eec722000, 0x0000018eec723000,
0x0000018eec721800, 0x0000018eec720800, 0x0000018eec724800, 0x0000018eec725800,
0x0000018eec726000, 0x0000018eed9df000, 0x0000018eed9dc800, 0x0000018eed9e0800,
0x0000018eed9e2000, 0x0000018eed9dd000, 0x0000018eed9e1000, 0x0000018eed9e3000,
0x0000018eed9e3800, 0x0000018eed9de000, 0x0000018eed9e4800, 0x0000018eed9e5800,
0x0000018eed9df800, 0x0000018eed9e6000, 0x0000018eed9ea000, 0x0000018eed9e8800,
0x0000018eed9e9800, 0x0000018eed9eb000, 0x0000018eed9e7000, 0x0000018eed9e7800,
0x0000018eeddfa800, 0x0000018eeddfb800, 0x0000018eeddfa000, 0x0000018eeddfc800,
0x0000018eeddfd000, 0x0000018eeddfe000, 0x0000018eeddf8800, 0x0000018eeddff000,
0x0000018eeddf9000, 0x0000018eede04800, 0x0000018eede05800, 0x0000018eede02000,
0x0000018eede03800, 0x0000018eeddff800, 0x0000018eede06000, 0x0000018eede00800,
0x0000018eede07000, 0x0000018eede01800, 0x0000018eede03000, 0x0000018eed2f4000,
0x0000018eed2f5000, 0x0000018eed2f7800, 0x0000018eed2f5800, 0x0000018eed2f3000,
0x0000018eed2fb800, 0x0000018eed2f6800, 0x0000018eed2fc000, 0x0000018eed2fe000,
0x0000018eed2fd000, 0x0000018eed2fe800, 0x0000018eed2fa000, 0x0000018eed2f9000,
0x0000018eed2ff800, 0x0000018eed300800, 0x0000018eed2fa800, 0x0000018eed301000
}

Java Threads: ( => current thread )
  0x0000018ecfc1e800 JavaThread "main" [_thread_blocked, id=19968, stack(0x00000031c1f00000,0x00000031c2000000)]
  0x0000018eead72000 JavaThread "Reference Handler" daemon [_thread_blocked, id=5024, stack(0x00000031c2600000,0x00000031c2700000)]
  0x0000018eead73000 JavaThread "Finalizer" daemon [_thread_blocked, id=15132, stack(0x00000031c2700000,0x00000031c2800000)]
  0x0000018eead73800 JavaThread "Signal Dispatcher" daemon [_thread_blocked, id=19336, stack(0x00000031c2800000,0x00000031c2900000)]
  0x0000018eead74800 JavaThread "Attach Listener" daemon [_thread_blocked, id=17880, stack(0x00000031c2900000,0x00000031c2a00000)]
  0x0000018eead76000 JavaThread "Service Thread" daemon [_thread_blocked, id=22780, stack(0x00000031c2a00000,0x00000031c2b00000)]
  0x0000018eeadd0000 JavaThread "C2 CompilerThread0" daemon [_thread_blocked, id=19956, stack(0x00000031c2b00000,0x00000031c2c00000)]
  0x0000018eeadd1800 JavaThread "C1 CompilerThread0" daemon [_thread_blocked, id=7324, stack(0x00000031c2c00000,0x00000031c2d00000)]
  0x0000018eeadd8800 JavaThread "Sweeper thread" daemon [_thread_blocked, id=22180, stack(0x00000031c2d00000,0x00000031c2e00000)]
  0x0000018eead75000 JavaThread "Common-Cleaner" daemon [_thread_blocked, id=3564, stack(0x00000031c2e00000,0x00000031c2f00000)]
  0x0000018eead71000 JavaThread "Daemon health stats" [_thread_blocked, id=25396, stack(0x00000031c3100000,0x00000031c3200000)]
  0x0000018eead70800 JavaThread "Incoming local TCP Connector on port 60735" [_thread_in_native, id=17968, stack(0x00000031c3000000,0x00000031c3100000)]
  0x0000018eead77000 JavaThread "Daemon periodic checks" [_thread_blocked, id=27392, stack(0x00000031c3500000,0x00000031c3600000)]
  0x0000018eed7cf800 JavaThread "Daemon" [_thread_blocked, id=21544, stack(0x00000031c3600000,0x00000031c3700000)]
  0x0000018eed7d1000 JavaThread "Handler for socket connection from /127.0.0.1:60735 to /127.0.0.1:60761" [_thread_in_native, id=24640, stack(0x00000031c3700000,0x00000031c3800000)]
  0x0000018eed7cd000 JavaThread "Cancel handler" [_thread_blocked, id=24980, stack(0x00000031c3800000,0x00000031c3900000)]
  0x0000018eed7cd800 JavaThread "Daemon worker" [_thread_blocked, id=28508, stack(0x00000031c3900000,0x00000031c3a00000)]
  0x0000018eed7ce800 JavaThread "Asynchronous log dispatcher for DefaultDaemonConnection: socket connection from /127.0.0.1:60735 to /127.0.0.1:60761" [_thread_blocked, id=12824, stack(0x00000031c3a00000,0x00000031c3b00000)]
  0x0000018eed7d0000 JavaThread "Stdin handler" [_thread_blocked, id=9960, stack(0x00000031c3b00000,0x00000031c3c00000)]
  0x0000018eed7d1800 JavaThread "Daemon client event forwarder" [_thread_blocked, id=21768, stack(0x00000031c3c00000,0x00000031c3d00000)]
  0x0000018eed7cc000 JavaThread "Cache worker for journal cache (C:\Users\wwwpr\.gradle\caches\journal-1)" [_thread_blocked, id=27256, stack(0x00000031c3d00000,0x00000031c3e00000)]
  0x0000018eed7d6800 JavaThread "File lock request listener" [_thread_in_native, id=21656, stack(0x00000031c3e00000,0x00000031c3f00000)]
  0x0000018eed7d7800 JavaThread "Cache worker for file hash cache (C:\Users\wwwpr\.gradle\caches\7.5\fileHashes)" [_thread_blocked, id=24556, stack(0x00000031c3f00000,0x00000031c4000000)]
=>0x0000018eed7d6000 JavaThread "File watcher server" daemon [_thread_in_native, id=26304, stack(0x00000031c4800000,0x00000031c4900000)]
  0x0000018eed7d3800 JavaThread "File watcher consumer" daemon [_thread_blocked, id=27612, stack(0x00000031c4900000,0x00000031c4a00000)]
  0x0000018eed7d8000 JavaThread "Cache worker for checksums cache (A:\Documents\Dental_Mobile\.gradle\7.5\checksums)" [_thread_blocked, id=23856, stack(0x00000031c4a00000,0x00000031c4b00000)]
  0x0000018eed7d2800 JavaThread "Cache worker for cache directory md-rule (C:\Users\wwwpr\.gradle\caches\7.5\md-rule)" [_thread_blocked, id=1056, stack(0x00000031c4b00000,0x00000031c4c00000)]
  0x0000018eed7d9000 JavaThread "Cache worker for file content cache (C:\Users\wwwpr\.gradle\caches\7.5\fileContent)" [_thread_blocked, id=21360, stack(0x00000031c4c00000,0x00000031c4d00000)]
  0x0000018eed7da000 JavaThread "Cache worker for file hash cache (A:\Documents\Dental_Mobile\.gradle\7.5\fileHashes)" [_thread_blocked, id=28036, stack(0x00000031c4e00000,0x00000031c4f00000)]
  0x0000018eed7d5000 JavaThread "Cache worker for cache directory md-supplier (C:\Users\wwwpr\.gradle\caches\7.5\md-supplier)" [_thread_blocked, id=16964, stack(0x00000031c4f00000,0x00000031c5000000)]
  0x0000018eed7d4000 JavaThread "Cache worker for execution history cache (C:\Users\wwwpr\.gradle\caches\7.5\executionHistory)" [_thread_blocked, id=18884, stack(0x00000031c5000000,0x00000031c5100000)]
  0x0000018eed7da800 JavaThread "jar transforms" [_thread_blocked, id=20388, stack(0x00000031c5100000,0x00000031c5200000)]
  0x0000018eed720800 JavaThread "jar transforms Thread 2" [_thread_blocked, id=6420, stack(0x00000031c5200000,0x00000031c5300000)]
  0x0000018eed71b800 JavaThread "jar transforms Thread 3" [_thread_blocked, id=23860, stack(0x00000031c5400000,0x00000031c5500000)]
  0x0000018eed71e800 JavaThread "jar transforms Thread 4" [_thread_blocked, id=11940, stack(0x00000031c5500000,0x00000031c5600000)]
  0x0000018eed71f800 JavaThread "Cache worker for dependencies-accessors (A:\Documents\Dental_Mobile\.gradle\7.5\dependencies-accessors)" [_thread_blocked, id=26512, stack(0x00000031c5600000,0x00000031c5700000)]
  0x0000018eed721000 JavaThread "jar transforms Thread 5" [_thread_blocked, id=9008, stack(0x00000031c4d00000,0x00000031c4e00000)]
  0x0000018eed71c800 JavaThread "Cache worker for Build Output Cleanup Cache (A:\Documents\Dental_Mobile\.gradle\buildOutputCleanup)" [_thread_blocked, id=21684, stack(0x00000031c5700000,0x00000031c5800000)]
  0x0000018eed723000 JavaThread "Unconstrained build operations" [_thread_blocked, id=25972, stack(0x00000031c5300000,0x00000031c5400000)]
  0x0000018eed71d000 JavaThread "Unconstrained build operations Thread 2" [_thread_blocked, id=3136, stack(0x00000031c5800000,0x00000031c5900000)]
  0x0000018eed725000 JavaThread "Unconstrained build operations Thread 3" [_thread_blocked, id=14216, stack(0x00000031c5900000,0x00000031c5a00000)]
  0x0000018eed723800 JavaThread "Unconstrained build operations Thread 4" [_thread_blocked, id=5276, stack(0x00000031c5a00000,0x00000031c5b00000)]
  0x0000018eed726000 JavaThread "Unconstrained build operations Thread 5" [_thread_blocked, id=5424, stack(0x00000031c5b00000,0x00000031c5c00000)]
  0x0000018eed727000 JavaThread "Unconstrained build operations Thread 6" [_thread_blocked, id=16628, stack(0x00000031c5c00000,0x00000031c5d00000)]
  0x0000018eed727800 JavaThread "Unconstrained build operations Thread 7" [_thread_blocked, id=1596, stack(0x00000031c5d00000,0x00000031c5e00000)]
  0x0000018eed728800 JavaThread "Unconstrained build operations Thread 8" [_thread_blocked, id=23420, stack(0x00000031c5e00000,0x00000031c5f00000)]
  0x0000018eed729800 JavaThread "Unconstrained build operations Thread 9" [_thread_blocked, id=24300, stack(0x00000031c5f00000,0x00000031c6000000)]
  0x0000018eed72a000 JavaThread "Unconstrained build operations Thread 10" [_thread_blocked, id=15092, stack(0x00000031c6000000,0x00000031c6100000)]
  0x0000018eed724800 JavaThread "Unconstrained build operations Thread 11" [_thread_blocked, id=21576, stack(0x00000031c6100000,0x00000031c6200000)]
  0x0000018ef0db1800 JavaThread "Unconstrained build operations Thread 12" [_thread_blocked, id=10632, stack(0x00000031c6200000,0x00000031c6300000)]
  0x0000018ef0daf800 JavaThread "Unconstrained build operations Thread 13" [_thread_blocked, id=26940, stack(0x00000031c6300000,0x00000031c6400000)]
  0x0000018ef0db2000 JavaThread "Unconstrained build operations Thread 14" [_thread_blocked, id=21676, stack(0x00000031c6400000,0x00000031c6500000)]
  0x0000018ef0db3000 JavaThread "Unconstrained build operations Thread 15" [_thread_blocked, id=21780, stack(0x00000031c6500000,0x00000031c6600000)]
  0x0000018ef0db4000 JavaThread "Unconstrained build operations Thread 16" [_thread_blocked, id=27876, stack(0x00000031c6600000,0x00000031c6700000)]
  0x0000018ef0db4800 JavaThread "Unconstrained build operations Thread 17" [_thread_blocked, id=19928, stack(0x00000031c6700000,0x00000031c6800000)]
  0x0000018ef0db5800 JavaThread "Unconstrained build operations Thread 18" [_thread_blocked, id=28252, stack(0x00000031c6800000,0x00000031c6900000)]
  0x0000018ef0db6000 JavaThread "Unconstrained build operations Thread 19" [_thread_blocked, id=12224, stack(0x00000031c6900000,0x00000031c6a00000)]
  0x0000018ef0db0800 JavaThread "Unconstrained build operations Thread 20" [_thread_blocked, id=22308, stack(0x00000031c6a00000,0x00000031c6b00000)]
  0x0000018ef0dba800 JavaThread "Unconstrained build operations Thread 21" [_thread_blocked, id=8136, stack(0x00000031c6b00000,0x00000031c6c00000)]
  0x0000018ef0dbc000 JavaThread "Unconstrained build operations Thread 22" [_thread_blocked, id=17664, stack(0x00000031c6c00000,0x00000031c6d00000)]
  0x0000018ef0db8800 JavaThread "Unconstrained build operations Thread 23" [_thread_blocked, id=28424, stack(0x00000031c6d00000,0x00000031c6e00000)]
  0x0000018ef0dbc800 JavaThread "Unconstrained build operations Thread 24" [_thread_blocked, id=3256, stack(0x00000031c6e00000,0x00000031c6f00000)]
  0x0000018ef0db9800 JavaThread "Unconstrained build operations Thread 25" [_thread_blocked, id=852, stack(0x00000031c6f00000,0x00000031c7000000)]
  0x0000018ef0dbb000 JavaThread "Unconstrained build operations Thread 26" [_thread_blocked, id=23020, stack(0x00000031c7000000,0x00000031c7100000)]
  0x0000018ef0db7000 JavaThread "Unconstrained build operations Thread 27" [_thread_blocked, id=18664, stack(0x00000031c7100000,0x00000031c7200000)]
  0x0000018ef0dbd800 JavaThread "Unconstrained build operations Thread 28" [_thread_blocked, id=8500, stack(0x00000031c7200000,0x00000031c7300000)]
  0x0000018ef0db8000 JavaThread "Unconstrained build operations Thread 29" [_thread_blocked, id=20300, stack(0x00000031c7300000,0x00000031c7400000)]
  0x0000018ef0dbe800 JavaThread "Unconstrained build operations Thread 30" [_thread_blocked, id=11844, stack(0x00000031c7400000,0x00000031c7500000)]
  0x0000018eec0e0000 JavaThread "Unconstrained build operations Thread 31" [_thread_blocked, id=11580, stack(0x00000031c7500000,0x00000031c7600000)]
  0x0000018eec0de800 JavaThread "Unconstrained build operations Thread 32" [_thread_blocked, id=17152, stack(0x00000031c7600000,0x00000031c7700000)]
  0x0000018eec0e3000 JavaThread "Unconstrained build operations Thread 33" [_thread_blocked, id=4752, stack(0x00000031c7700000,0x00000031c7800000)]
  0x0000018eec0e2800 JavaThread "Unconstrained build operations Thread 34" [_thread_blocked, id=16860, stack(0x00000031c7800000,0x00000031c7900000)]
  0x0000018eec0dd800 JavaThread "Unconstrained build operations Thread 35" [_thread_blocked, id=19156, stack(0x00000031c7900000,0x00000031c7a00000)]
  0x0000018eec0e0800 JavaThread "Unconstrained build operations Thread 36" [_thread_blocked, id=22344, stack(0x00000031c7a00000,0x00000031c7b00000)]
  0x0000018eec0e1800 JavaThread "Unconstrained build operations Thread 37" [_thread_blocked, id=17236, stack(0x00000031c7b00000,0x00000031c7c00000)]
  0x0000018eec0e4000 JavaThread "Unconstrained build operations Thread 38" [_thread_blocked, id=12188, stack(0x00000031c7c00000,0x00000031c7d00000)]
  0x0000018eec0e5000 JavaThread "Unconstrained build operations Thread 39" [_thread_blocked, id=14676, stack(0x00000031c7d00000,0x00000031c7e00000)]
  0x0000018eec0df000 JavaThread "Unconstrained build operations Thread 40" [_thread_blocked, id=26032, stack(0x00000031c7e00000,0x00000031c7f00000)]
  0x0000018eec0ea800 JavaThread "Unconstrained build operations Thread 41" [_thread_blocked, id=15656, stack(0x00000031c7f00000,0x00000031c8000000)]
  0x0000018eec0e5800 JavaThread "Unconstrained build operations Thread 42" [_thread_blocked, id=6104, stack(0x00000031c8000000,0x00000031c8100000)]
  0x0000018eec0e8000 JavaThread "Unconstrained build operations Thread 43" [_thread_blocked, id=21268, stack(0x00000031c8100000,0x00000031c8200000)]
  0x0000018eec0e9800 JavaThread "Unconstrained build operations Thread 44" [_thread_blocked, id=27000, stack(0x00000031c8200000,0x00000031c8300000)]
  0x0000018eec0eb800 JavaThread "Unconstrained build operations Thread 45" [_thread_blocked, id=6804, stack(0x00000031c8300000,0x00000031c8400000)]
  0x0000018eec0e7000 JavaThread "Unconstrained build operations Thread 46" [_thread_blocked, id=23636, stack(0x00000031c8400000,0x00000031c8500000)]
  0x0000018eec0e9000 JavaThread "Unconstrained build operations Thread 47" [_thread_blocked, id=22020, stack(0x00000031c8500000,0x00000031c8600000)]
  0x0000018eec0ec000 JavaThread "Unconstrained build operations Thread 48" [_thread_blocked, id=22716, stack(0x00000031c8600000,0x00000031c8700000)]
  0x0000018eec0e6800 JavaThread "Unconstrained build operations Thread 49" [_thread_blocked, id=17616, stack(0x00000031c8700000,0x00000031c8800000)]
  0x0000018eedfdc800 JavaThread "Unconstrained build operations Thread 50" [_thread_blocked, id=22968, stack(0x00000031c8800000,0x00000031c8900000)]
  0x0000018eedfda800 JavaThread "Unconstrained build operations Thread 51" [_thread_blocked, id=21976, stack(0x00000031c8900000,0x00000031c8a00000)]
  0x0000018eedfdf000 JavaThread "Unconstrained build operations Thread 52" [_thread_blocked, id=17512, stack(0x00000031c8a00000,0x00000031c8b00000)]
  0x0000018eedfdd800 JavaThread "Unconstrained build operations Thread 53" [_thread_blocked, id=6544, stack(0x00000031c8b00000,0x00000031c8c00000)]
  0x0000018eedfde800 JavaThread "Unconstrained build operations Thread 54" [_thread_blocked, id=24568, stack(0x00000031c8c00000,0x00000031c8d00000)]
  0x0000018eedfd9800 JavaThread "Unconstrained build operations Thread 55" [_thread_blocked, id=18972, stack(0x00000031c8d00000,0x00000031c8e00000)]
  0x0000018eedfdb000 JavaThread "Unconstrained build operations Thread 56" [_thread_blocked, id=25760, stack(0x00000031c8e00000,0x00000031c8f00000)]
  0x0000018eedfe1000 JavaThread "Unconstrained build operations Thread 57" [_thread_blocked, id=11404, stack(0x00000031c8f00000,0x00000031c9000000)]
  0x0000018eedfe0000 JavaThread "Unconstrained build operations Thread 58" [_thread_blocked, id=17392, stack(0x00000031c9000000,0x00000031c9100000)]
  0x0000018eedfe1800 JavaThread "Unconstrained build operations Thread 59" [_thread_blocked, id=19284, stack(0x00000031c9100000,0x00000031c9200000)]
  0x0000018eedfdc000 JavaThread "Unconstrained build operations Thread 60" [_thread_blocked, id=18668, stack(0x00000031c9200000,0x00000031c9300000)]
  0x0000018eedfe3800 JavaThread "Unconstrained build operations Thread 61" [_thread_blocked, id=15124, stack(0x00000031c9300000,0x00000031c9400000)]
  0x0000018eedfe2800 JavaThread "Unconstrained build operations Thread 62" [_thread_blocked, id=28236, stack(0x00000031c9400000,0x00000031c9500000)]
  0x0000018eedfe8000 JavaThread "Unconstrained build operations Thread 63" [_thread_blocked, id=20956, stack(0x00000031c9500000,0x00000031c9600000)]
  0x0000018eedfe4000 JavaThread "Unconstrained build operations Thread 64" [_thread_blocked, id=18180, stack(0x00000031c9600000,0x00000031c9700000)]
  0x0000018eedfe5800 JavaThread "Unconstrained build operations Thread 65" [_thread_blocked, id=24480, stack(0x00000031c9700000,0x00000031c9800000)]
  0x0000018eedfe6800 JavaThread "Unconstrained build operations Thread 66" [_thread_blocked, id=3096, stack(0x00000031c9800000,0x00000031c9900000)]
  0x0000018eedfe7800 JavaThread "Unconstrained build operations Thread 67" [_thread_blocked, id=6328, stack(0x00000031c9900000,0x00000031c9a00000)]
  0x0000018eedfe5000 JavaThread "Unconstrained build operations Thread 68" [_thread_blocked, id=19464, stack(0x00000031c9a00000,0x00000031c9b00000)]
  0x0000018eec71d000 JavaThread "Unconstrained build operations Thread 69" [_thread_blocked, id=1640, stack(0x00000031c9b00000,0x00000031c9c00000)]
  0x0000018eec718800 JavaThread "Unconstrained build operations Thread 70" [_thread_blocked, id=15516, stack(0x00000031c9c00000,0x00000031c9d00000)]
  0x0000018eec71b000 JavaThread "Unconstrained build operations Thread 71" [_thread_blocked, id=15160, stack(0x00000031c9d00000,0x00000031c9e00000)]
  0x0000018eec717800 JavaThread "Unconstrained build operations Thread 72" [_thread_blocked, id=23004, stack(0x00000031c9e00000,0x00000031c9f00000)]
  0x0000018eec71b800 JavaThread "Unconstrained build operations Thread 73" [_thread_blocked, id=26416, stack(0x00000031c9f00000,0x00000031ca000000)]
  0x0000018eec71c800 JavaThread "Unconstrained build operations Thread 74" [_thread_blocked, id=10192, stack(0x00000031ca000000,0x00000031ca100000)]
  0x0000018eec71f000 JavaThread "Unconstrained build operations Thread 75" [_thread_blocked, id=15328, stack(0x00000031ca100000,0x00000031ca200000)]
  0x0000018eec719000 JavaThread "Unconstrained build operations Thread 76" [_thread_blocked, id=10400, stack(0x00000031ca200000,0x00000031ca300000)]
  0x0000018eec71f800 JavaThread "Unconstrained build operations Thread 77" [_thread_blocked, id=11592, stack(0x00000031ca300000,0x00000031ca400000)]
  0x0000018eec71e000 JavaThread "Unconstrained build operations Thread 78" [_thread_blocked, id=10688, stack(0x00000031ca400000,0x00000031ca500000)]
  0x0000018eec71a000 JavaThread "Unconstrained build operations Thread 79" [_thread_blocked, id=20244, stack(0x00000031ca500000,0x00000031ca600000)]
  0x0000018eec724000 JavaThread "Unconstrained build operations Thread 80" [_thread_blocked, id=16460, stack(0x00000031ca600000,0x00000031ca700000)]
  0x0000018eec722000 JavaThread "Unconstrained build operations Thread 81" [_thread_blocked, id=14644, stack(0x00000031ca700000,0x00000031ca800000)]
  0x0000018eec723000 JavaThread "Unconstrained build operations Thread 82" [_thread_blocked, id=27684, stack(0x00000031ca800000,0x00000031ca900000)]
  0x0000018eec721800 JavaThread "Unconstrained build operations Thread 83" [_thread_blocked, id=27416, stack(0x00000031ca900000,0x00000031caa00000)]
  0x0000018eec720800 JavaThread "Unconstrained build operations Thread 84" [_thread_blocked, id=10456, stack(0x00000031caa00000,0x00000031cab00000)]
  0x0000018eec724800 JavaThread "Unconstrained build operations Thread 85" [_thread_blocked, id=28172, stack(0x00000031cab00000,0x00000031cac00000)]
  0x0000018eec725800 JavaThread "Unconstrained build operations Thread 86" [_thread_blocked, id=25812, stack(0x00000031cac00000,0x00000031cad00000)]
  0x0000018eec726000 JavaThread "Unconstrained build operations Thread 87" [_thread_blocked, id=14812, stack(0x00000031cad00000,0x00000031cae00000)]
  0x0000018eed9df000 JavaThread "Unconstrained build operations Thread 88" [_thread_blocked, id=21248, stack(0x00000031cae00000,0x00000031caf00000)]
  0x0000018eed9dc800 JavaThread "Unconstrained build operations Thread 89" [_thread_blocked, id=14964, stack(0x00000031caf00000,0x00000031cb000000)]
  0x0000018eed9e0800 JavaThread "Unconstrained build operations Thread 90" [_thread_blocked, id=7620, stack(0x00000031cb000000,0x00000031cb100000)]
  0x0000018eed9e2000 JavaThread "Unconstrained build operations Thread 91" [_thread_blocked, id=14788, stack(0x00000031cb100000,0x00000031cb200000)]
  0x0000018eed9dd000 JavaThread "Unconstrained build operations Thread 92" [_thread_blocked, id=25720, stack(0x00000031cb200000,0x00000031cb300000)]
  0x0000018eed9e1000 JavaThread "Unconstrained build operations Thread 93" [_thread_blocked, id=17412, stack(0x00000031cb300000,0x00000031cb400000)]
  0x0000018eed9e3000 JavaThread "Unconstrained build operations Thread 94" [_thread_blocked, id=19580, stack(0x00000031cb400000,0x00000031cb500000)]
  0x0000018eed9e3800 JavaThread "Unconstrained build operations Thread 95" [_thread_blocked, id=26472, stack(0x00000031cb500000,0x00000031cb600000)]
  0x0000018eed9de000 JavaThread "Unconstrained build operations Thread 96" [_thread_blocked, id=18732, stack(0x00000031cb600000,0x00000031cb700000)]
  0x0000018eed9e4800 JavaThread "Unconstrained build operations Thread 97" [_thread_blocked, id=24520, stack(0x00000031cb700000,0x00000031cb800000)]
  0x0000018eed9e5800 JavaThread "Unconstrained build operations Thread 98" [_thread_blocked, id=22540, stack(0x00000031cb800000,0x00000031cb900000)]
  0x0000018eed9df800 JavaThread "Unconstrained build operations Thread 99" [_thread_blocked, id=21156, stack(0x00000031cb900000,0x00000031cba00000)]
  0x0000018eed9e6000 JavaThread "Unconstrained build operations Thread 100" [_thread_blocked, id=15748, stack(0x00000031cba00000,0x00000031cbb00000)]
  0x0000018eed9ea000 JavaThread "Unconstrained build operations Thread 101" [_thread_blocked, id=8788, stack(0x00000031cbc00000,0x00000031cbd00000)]
  0x0000018eed9e8800 JavaThread "Unconstrained build operations Thread 102" [_thread_blocked, id=6916, stack(0x00000031cbd00000,0x00000031cbe00000)]
  0x0000018eed9e9800 JavaThread "Unconstrained build operations Thread 103" [_thread_blocked, id=19108, stack(0x00000031cbe00000,0x00000031cbf00000)]
  0x0000018eed9eb000 JavaThread "Unconstrained build operations Thread 104" [_thread_blocked, id=12592, stack(0x00000031cbf00000,0x00000031cc000000)]
  0x0000018eed9e7000 JavaThread "Unconstrained build operations Thread 105" [_thread_blocked, id=22836, stack(0x00000031cc000000,0x00000031cc100000)]
  0x0000018eed9e7800 JavaThread "Unconstrained build operations Thread 106" [_thread_blocked, id=19868, stack(0x00000031cc100000,0x00000031cc200000)]
  0x0000018eeddfa800 JavaThread "Unconstrained build operations Thread 107" [_thread_blocked, id=10340, stack(0x00000031cc200000,0x00000031cc300000)]
  0x0000018eeddfb800 JavaThread "Unconstrained build operations Thread 108" [_thread_blocked, id=28204, stack(0x00000031cc300000,0x00000031cc400000)]
  0x0000018eeddfa000 JavaThread "Unconstrained build operations Thread 109" [_thread_blocked, id=5804, stack(0x00000031cc400000,0x00000031cc500000)]
  0x0000018eeddfc800 JavaThread "Unconstrained build operations Thread 110" [_thread_blocked, id=16300, stack(0x00000031cc500000,0x00000031cc600000)]
  0x0000018eeddfd000 JavaThread "Unconstrained build operations Thread 111" [_thread_blocked, id=15244, stack(0x00000031cc600000,0x00000031cc700000)]
  0x0000018eeddfe000 JavaThread "Unconstrained build operations Thread 112" [_thread_blocked, id=25508, stack(0x00000031cc700000,0x00000031cc800000)]
  0x0000018eeddf8800 JavaThread "Unconstrained build operations Thread 113" [_thread_blocked, id=8644, stack(0x00000031cc800000,0x00000031cc900000)]
  0x0000018eeddff000 JavaThread "Unconstrained build operations Thread 114" [_thread_blocked, id=16920, stack(0x00000031cc900000,0x00000031cca00000)]
  0x0000018eeddf9000 JavaThread "Unconstrained build operations Thread 115" [_thread_blocked, id=8216, stack(0x00000031cca00000,0x00000031ccb00000)]
  0x0000018eede04800 JavaThread "Unconstrained build operations Thread 116" [_thread_blocked, id=22348, stack(0x00000031ccb00000,0x00000031ccc00000)]
  0x0000018eede05800 JavaThread "Unconstrained build operations Thread 117" [_thread_blocked, id=19288, stack(0x00000031ccc00000,0x00000031ccd00000)]
  0x0000018eede02000 JavaThread "Unconstrained build operations Thread 118" [_thread_blocked, id=12684, stack(0x00000031ccd00000,0x00000031cce00000)]
  0x0000018eede03800 JavaThread "Unconstrained build operations Thread 119" [_thread_blocked, id=17640, stack(0x00000031cce00000,0x00000031ccf00000)]
  0x0000018eeddff800 JavaThread "Unconstrained build operations Thread 120" [_thread_blocked, id=18640, stack(0x00000031ccf00000,0x00000031cd000000)]
  0x0000018eede06000 JavaThread "jar transforms Thread 6" [_thread_blocked, id=13724, stack(0x00000031cd000000,0x00000031cd100000)]
  0x0000018eede00800 JavaThread "jar transforms Thread 7" [_thread_blocked, id=15868, stack(0x00000031cd100000,0x00000031cd200000)]
  0x0000018eede07000 JavaThread "jar transforms Thread 8" [_thread_blocked, id=16580, stack(0x00000031cd200000,0x00000031cd300000)]
  0x0000018eede01800 JavaThread "jar transforms Thread 9" [_thread_blocked, id=20160, stack(0x00000031cd300000,0x00000031cd400000)]
  0x0000018eede03000 JavaThread "jar transforms Thread 10" [_thread_blocked, id=24140, stack(0x00000031cd400000,0x00000031cd500000)]
  0x0000018eed2f4000 JavaThread "jar transforms Thread 11" [_thread_blocked, id=20136, stack(0x00000031cd500000,0x00000031cd600000)]
  0x0000018eed2f5000 JavaThread "jar transforms Thread 12" [_thread_blocked, id=4156, stack(0x00000031cd600000,0x00000031cd700000)]
  0x0000018eed2f7800 JavaThread "build event listener" [_thread_blocked, id=20964, stack(0x00000031cd700000,0x00000031cd800000)]
  0x0000018eed2f5800 JavaThread "Memory manager" [_thread_blocked, id=21380, stack(0x00000031cbb00000,0x00000031cbc00000)]
  0x0000018eed2f3000 JavaThread "included builds" [_thread_blocked, id=1712, stack(0x00000031cdd00000,0x00000031cde00000)]
  0x0000018eed2fb800 JavaThread "Execution worker" [_thread_in_native, id=8916, stack(0x00000031cde00000,0x00000031cdf00000)]
  0x0000018eed2f6800 JavaThread "Execution worker Thread 2" [_thread_blocked, id=18952, stack(0x00000031cdf00000,0x00000031ce000000)]
  0x0000018eed2fc000 JavaThread "Execution worker Thread 3" [_thread_blocked, id=15840, stack(0x00000031ce000000,0x00000031ce100000)]
  0x0000018eed2fe000 JavaThread "Execution worker Thread 4" [_thread_blocked, id=14896, stack(0x00000031ce100000,0x00000031ce200000)]
  0x0000018eed2fd000 JavaThread "Execution worker Thread 5" [_thread_blocked, id=16652, stack(0x00000031ce200000,0x00000031ce300000)]
  0x0000018eed2fe800 JavaThread "Execution worker Thread 6" [_thread_blocked, id=19544, stack(0x00000031ce300000,0x00000031ce400000)]
  0x0000018eed2fa000 JavaThread "Execution worker Thread 7" [_thread_blocked, id=26036, stack(0x00000031ce400000,0x00000031ce500000)]
  0x0000018eed2f9000 JavaThread "Execution worker Thread 8" [_thread_blocked, id=27032, stack(0x00000031ce500000,0x00000031ce600000)]
  0x0000018eed2ff800 JavaThread "Execution worker Thread 9" [_thread_blocked, id=27276, stack(0x00000031ce600000,0x00000031ce700000)]
  0x0000018eed300800 JavaThread "Execution worker Thread 10" [_thread_blocked, id=10320, stack(0x00000031ce700000,0x00000031ce800000)]
  0x0000018eed2fa800 JavaThread "Execution worker Thread 11" [_thread_blocked, id=23032, stack(0x00000031ce800000,0x00000031ce900000)]
  0x0000018eed301000 JavaThread "Cache worker for execution history cache (A:\Documents\Dental_Mobile\.gradle\7.5\executionHistory)" [_thread_blocked, id=16712, stack(0x00000031cea00000,0x00000031ceb00000)]

Other Threads:
  0x0000018eea543800 VMThread "VM Thread" [stack: 0x00000031c2500000,0x00000031c2600000] [id=26496]
  0x0000018eeaf5d800 WatcherThread [stack: 0x00000031c2f00000,0x00000031c3000000] [id=13864]
  0x0000018ecfc3a000 GCTaskThread "GC Thread#0" [stack: 0x00000031c2000000,0x00000031c2100000] [id=8184]
  0x0000018eec0dc000 GCTaskThread "GC Thread#1" [stack: 0x00000031c3200000,0x00000031c3300000] [id=26324]
  0x0000018eeb7d3000 GCTaskThread "GC Thread#2" [stack: 0x00000031c3300000,0x00000031c3400000] [id=8792]
  0x0000018eeb837800 GCTaskThread "GC Thread#3" [stack: 0x00000031c3400000,0x00000031c3500000] [id=12164]
  0x0000018eede2b800 GCTaskThread "GC Thread#4" [stack: 0x00000031c4000000,0x00000031c4100000] [id=26044]
  0x0000018eede5b000 GCTaskThread "GC Thread#5" [stack: 0x00000031c4100000,0x00000031c4200000] [id=17996]
  0x0000018eeb55a800 GCTaskThread "GC Thread#6" [stack: 0x00000031c4200000,0x00000031c4300000] [id=16168]
  0x0000018eec2c1800 GCTaskThread "GC Thread#7" [stack: 0x00000031c4300000,0x00000031c4400000] [id=23812]
  0x0000018eec056800 GCTaskThread "GC Thread#8" [stack: 0x00000031c4400000,0x00000031c4500000] [id=2820]
  0x0000018eecf31800 GCTaskThread "GC Thread#9" [stack: 0x00000031c4500000,0x00000031c4600000] [id=13672]
  0x0000018ecfc6b800 ConcurrentGCThread "G1 Main Marker" [stack: 0x00000031c2100000,0x00000031c2200000] [id=10868]
  0x0000018ecfc6c800 ConcurrentGCThread "G1 Conc#0" [stack: 0x00000031c2200000,0x00000031c2300000] [id=26700]
  0x0000018eeb67a000 ConcurrentGCThread "G1 Conc#1" [stack: 0x00000031c4600000,0x00000031c4700000] [id=20756]
  0x0000018eec4df000 ConcurrentGCThread "G1 Conc#2" [stack: 0x00000031c4700000,0x00000031c4800000] [id=23964]
  0x0000018ecfcee800 ConcurrentGCThread "G1 Refine#0" [stack: 0x00000031c2300000,0x00000031c2400000] [id=26556]
  0x0000018ef283e800 ConcurrentGCThread "G1 Refine#1" [stack: 0x00000031cda00000,0x00000031cdb00000] [id=27624]
  0x0000018eeb55c000 ConcurrentGCThread "G1 Refine#2" [stack: 0x00000031ce900000,0x00000031cea00000] [id=11104]
  0x0000018eea3b7000 ConcurrentGCThread "G1 Young RemSet Sampling" [stack: 0x00000031c2400000,0x00000031c2500000] [id=13500]

Threads with active compile tasks:

VM state:not at safepoint (normal execution)

VM Mutex/Monitor currently owned by a thread: None

Heap address: 0x0000000080000000, size: 2048 MB, Compressed Oops mode: 32-bit
Narrow klass base: 0x0000000000000000, Narrow klass shift: 3
Compressed class space size: 1073741824 Address: 0x0000000100000000

Heap:
 garbage-first heap   total 194560K, used 79476K [0x0000000080000000, 0x0000000100000000)
  region size 1024K, 18 young (18432K), 13 survivors (13312K)
 Metaspace       used 81419K, capacity 83704K, committed 83996K, reserved 1122304K
  class space    used 10735K, capacity 11556K, committed 11648K, reserved 1048576K
Heap Regions: E=young(eden), S=young(survivor), O=old, HS=humongous(starts), HC=humongous(continues), CS=collection set, F=free, A=archive, TAMS=top-at-mark-start (previous, next)
|   0|0x0000000080000000, 0x0000000080100000, 0x0000000080100000|100%| O|  |TAMS 0x0000000080100000, 0x0000000080000000| Untracked 
|   1|0x0000000080100000, 0x0000000080200000, 0x0000000080200000|100%| O|  |TAMS 0x0000000080200000, 0x0000000080100000| Untracked 
|   2|0x0000000080200000, 0x0000000080300000, 0x0000000080300000|100%| O|  |TAMS 0x0000000080300000, 0x0000000080200000| Untracked 
|   3|0x0000000080300000, 0x0000000080400000, 0x0000000080400000|100%|HS|  |TAMS 0x0000000080400000, 0x0000000080300000| Complete 
|   4|0x0000000080400000, 0x0000000080500000, 0x0000000080500000|100%|HC|  |TAMS 0x0000000080500000, 0x0000000080400000| Complete 
|   5|0x0000000080500000, 0x0000000080600000, 0x0000000080600000|100%|HC|  |TAMS 0x0000000080600000, 0x0000000080500000| Complete 
|   6|0x0000000080600000, 0x0000000080700000, 0x0000000080700000|100%| O|  |TAMS 0x0000000080700000, 0x0000000080600000| Untracked 
|   7|0x0000000080700000, 0x0000000080800000, 0x0000000080800000|100%| O|  |TAMS 0x0000000080800000, 0x0000000080700000| Untracked 
|   8|0x0000000080800000, 0x0000000080900000, 0x0000000080900000|100%| O|  |TAMS 0x0000000080900000, 0x0000000080800000| Untracked 
|   9|0x0000000080900000, 0x0000000080a00000, 0x0000000080a00000|100%| O|  |TAMS 0x0000000080a00000, 0x0000000080900000| Untracked 
|  10|0x0000000080a00000, 0x0000000080b00000, 0x0000000080b00000|100%| O|  |TAMS 0x0000000080b00000, 0x0000000080a00000| Untracked 
|  11|0x0000000080b00000, 0x0000000080c00000, 0x0000000080c00000|100%| O|  |TAMS 0x0000000080c00000, 0x0000000080b00000| Untracked 
|  12|0x0000000080c00000, 0x0000000080d00000, 0x0000000080d00000|100%| O|  |TAMS 0x0000000080d00000, 0x0000000080c00000| Untracked 
|  13|0x0000000080d00000, 0x0000000080e00000, 0x0000000080e00000|100%| O|  |TAMS 0x0000000080e00000, 0x0000000080d00000| Untracked 
|  14|0x0000000080e00000, 0x0000000080f00000, 0x0000000080f00000|100%| O|  |TAMS 0x0000000080f00000, 0x0000000080e00000| Untracked 
|  15|0x0000000080f00000, 0x0000000081000000, 0x0000000081000000|100%| O|  |TAMS 0x0000000081000000, 0x0000000080f00000| Untracked 
|  16|0x0000000081000000, 0x0000000081100000, 0x0000000081100000|100%| O|  |TAMS 0x0000000081100000, 0x0000000081000000| Untracked 
|  17|0x0000000081100000, 0x0000000081200000, 0x0000000081200000|100%|HS|  |TAMS 0x0000000081200000, 0x0000000081100000| Complete 
|  18|0x0000000081200000, 0x0000000081300000, 0x0000000081300000|100%|HS|  |TAMS 0x0000000081300000, 0x0000000081200000| Complete 
|  19|0x0000000081300000, 0x0000000081400000, 0x0000000081400000|100%| O|  |TAMS 0x0000000081400000, 0x0000000081300000| Untracked 
|  20|0x0000000081400000, 0x0000000081500000, 0x0000000081500000|100%| O|  |TAMS 0x0000000081500000, 0x0000000081400000| Untracked 
|  21|0x0000000081500000, 0x0000000081600000, 0x0000000081600000|100%| O|  |TAMS 0x0000000081600000, 0x0000000081500000| Untracked 
|  22|0x0000000081600000, 0x0000000081700000, 0x0000000081700000|100%| O|  |TAMS 0x0000000081700000, 0x0000000081600000| Untracked 
|  23|0x0000000081700000, 0x0000000081800000, 0x0000000081800000|100%| O|  |TAMS 0x0000000081800000, 0x0000000081700000| Untracked 
|  24|0x0000000081800000, 0x0000000081900000, 0x0000000081900000|100%| O|  |TAMS 0x0000000081800000, 0x0000000081800000| Untracked 
|  25|0x0000000081900000, 0x0000000081a00000, 0x0000000081a00000|100%| O|  |TAMS 0x0000000081a00000, 0x0000000081900000| Untracked 
|  26|0x0000000081a00000, 0x0000000081b00000, 0x0000000081b00000|100%| O|  |TAMS 0x0000000081b00000, 0x0000000081a00000| Untracked 
|  27|0x0000000081b00000, 0x0000000081c00000, 0x0000000081c00000|100%| O|  |TAMS 0x0000000081c00000, 0x0000000081b00000| Untracked 
|  28|0x0000000081c00000, 0x0000000081d00000, 0x0000000081d00000|100%| O|  |TAMS 0x0000000081d00000, 0x0000000081c00000| Untracked 
|  29|0x0000000081d00000, 0x0000000081e00000, 0x0000000081e00000|100%| O|  |TAMS 0x0000000081e00000, 0x0000000081d00000| Untracked 
|  30|0x0000000081e00000, 0x0000000081f00000, 0x0000000081f00000|100%| O|  |TAMS 0x0000000081f00000, 0x0000000081e00000| Untracked 
|  31|0x0000000081f00000, 0x0000000082000000, 0x0000000082000000|100%| O|  |TAMS 0x0000000081f4aa00, 0x0000000081f00000| Untracked 
|  32|0x0000000082000000, 0x0000000082100000, 0x0000000082100000|100%| O|  |TAMS 0x0000000082000000, 0x0000000082000000| Untracked 
|  33|0x0000000082100000, 0x0000000082200000, 0x0000000082200000|100%| O|  |TAMS 0x0000000082100000, 0x0000000082100000| Untracked 
|  34|0x0000000082200000, 0x0000000082300000, 0x0000000082300000|100%| O|  |TAMS 0x0000000082200000, 0x0000000082200000| Untracked 
|  35|0x0000000082300000, 0x0000000082400000, 0x0000000082400000|100%| O|  |TAMS 0x0000000082300000, 0x0000000082300000| Untracked 
|  36|0x0000000082400000, 0x0000000082500000, 0x0000000082500000|100%| O|  |TAMS 0x0000000082400000, 0x0000000082400000| Untracked 
|  37|0x0000000082500000, 0x0000000082600000, 0x0000000082600000|100%| O|  |TAMS 0x0000000082500000, 0x0000000082500000| Untracked 
|  38|0x0000000082600000, 0x0000000082700000, 0x0000000082700000|100%| O|  |TAMS 0x0000000082600000, 0x0000000082600000| Untracked 
|  39|0x0000000082700000, 0x0000000082800000, 0x0000000082800000|100%| O|  |TAMS 0x0000000082700000, 0x0000000082700000| Untracked 
|  40|0x0000000082800000, 0x0000000082900000, 0x0000000082900000|100%| O|  |TAMS 0x0000000082800000, 0x0000000082800000| Untracked 
|  41|0x0000000082900000, 0x0000000082a00000, 0x0000000082a00000|100%| O|  |TAMS 0x0000000082900000, 0x0000000082900000| Untracked 
|  42|0x0000000082a00000, 0x0000000082b00000, 0x0000000082b00000|100%| O|  |TAMS 0x0000000082a00000, 0x0000000082a00000| Untracked 
|  43|0x0000000082b00000, 0x0000000082c00000, 0x0000000082c00000|100%| O|  |TAMS 0x0000000082b00000, 0x0000000082b00000| Untracked 
|  44|0x0000000082c00000, 0x0000000082d00000, 0x0000000082d00000|100%| O|  |TAMS 0x0000000082c00000, 0x0000000082c00000| Untracked 
|  45|0x0000000082d00000, 0x0000000082e00000, 0x0000000082e00000|100%| O|  |TAMS 0x0000000082d00000, 0x0000000082d00000| Untracked 
|  46|0x0000000082e00000, 0x0000000082f00000, 0x0000000082f00000|100%| O|  |TAMS 0x0000000082e00000, 0x0000000082e00000| Untracked 
|  47|0x0000000082f00000, 0x0000000083000000, 0x0000000083000000|100%| O|  |TAMS 0x0000000082f00000, 0x0000000082f00000| Untracked 
|  48|0x0000000083000000, 0x0000000083100000, 0x0000000083100000|100%| O|  |TAMS 0x0000000083000000, 0x0000000083000000| Untracked 
|  49|0x0000000083100000, 0x0000000083200000, 0x0000000083200000|100%| O|  |TAMS 0x0000000083100000, 0x0000000083100000| Untracked 
|  50|0x0000000083200000, 0x0000000083300000, 0x0000000083300000|100%| O|  |TAMS 0x0000000083200000, 0x0000000083200000| Untracked 
|  51|0x0000000083300000, 0x0000000083400000, 0x0000000083400000|100%| O|  |TAMS 0x0000000083300000, 0x0000000083300000| Untracked 
|  52|0x0000000083400000, 0x0000000083500000, 0x0000000083500000|100%| O|  |TAMS 0x0000000083400000, 0x0000000083400000| Untracked 
|  53|0x0000000083500000, 0x0000000083600000, 0x0000000083600000|100%| O|  |TAMS 0x0000000083500000, 0x0000000083500000| Untracked 
|  54|0x0000000083600000, 0x0000000083700000, 0x0000000083700000|100%| O|  |TAMS 0x0000000083600000, 0x0000000083600000| Untracked 
|  55|0x0000000083700000, 0x0000000083800000, 0x0000000083800000|100%| O|  |TAMS 0x0000000083700000, 0x0000000083700000| Untracked 
|  56|0x0000000083800000, 0x0000000083900000, 0x0000000083900000|100%| O|  |TAMS 0x0000000083800000, 0x0000000083800000| Untracked 
|  57|0x0000000083900000, 0x0000000083a00000, 0x0000000083a00000|100%| O|  |TAMS 0x0000000083900000, 0x0000000083900000| Untracked 
|  58|0x0000000083a00000, 0x0000000083b00000, 0x0000000083b00000|100%| O|  |TAMS 0x0000000083a00000, 0x0000000083a00000| Untracked 
|  59|0x0000000083b00000, 0x0000000083c00000, 0x0000000083c00000|100%| O|  |TAMS 0x0000000083b00000, 0x0000000083b00000| Untracked 
|  60|0x0000000083c00000, 0x0000000083c9d200, 0x0000000083d00000| 61%| O|  |TAMS 0x0000000083c00000, 0x0000000083c00000| Untracked 
|  61|0x0000000083d00000, 0x0000000083d00000, 0x0000000083e00000|  0%| F|  |TAMS 0x0000000083d00000, 0x0000000083d00000| Untracked 
|  62|0x0000000083e00000, 0x0000000083e00000, 0x0000000083f00000|  0%| F|  |TAMS 0x0000000083e00000, 0x0000000083e00000| Untracked 
|  63|0x0000000083f00000, 0x0000000083f00000, 0x0000000084000000|  0%| F|  |TAMS 0x0000000083f00000, 0x0000000083f00000| Untracked 
|  64|0x0000000084000000, 0x0000000084000000, 0x0000000084100000|  0%| F|  |TAMS 0x0000000084000000, 0x0000000084000000| Untracked 
|  65|0x0000000084100000, 0x0000000084100000, 0x0000000084200000|  0%| F|  |TAMS 0x0000000084100000, 0x0000000084100000| Untracked 
|  66|0x0000000084200000, 0x0000000084200000, 0x0000000084300000|  0%| F|  |TAMS 0x0000000084200000, 0x0000000084200000| Untracked 
|  67|0x0000000084300000, 0x0000000084300000, 0x0000000084400000|  0%| F|  |TAMS 0x0000000084300000, 0x0000000084300000| Untracked 
|  68|0x0000000084400000, 0x0000000084400000, 0x0000000084500000|  0%| F|  |TAMS 0x0000000084400000, 0x0000000084400000| Untracked 
|  69|0x0000000084500000, 0x0000000084500000, 0x0000000084600000|  0%| F|  |TAMS 0x0000000084500000, 0x0000000084500000| Untracked 
|  70|0x0000000084600000, 0x0000000084600000, 0x0000000084700000|  0%| F|  |TAMS 0x0000000084600000, 0x0000000084600000| Untracked 
|  71|0x0000000084700000, 0x0000000084700000, 0x0000000084800000|  0%| F|  |TAMS 0x0000000084700000, 0x0000000084700000| Untracked 
|  72|0x0000000084800000, 0x0000000084800000, 0x0000000084900000|  0%| F|  |TAMS 0x0000000084800000, 0x0000000084800000| Untracked 
|  73|0x0000000084900000, 0x0000000084900000, 0x0000000084a00000|  0%| F|  |TAMS 0x0000000084900000, 0x0000000084900000| Untracked 
|  74|0x0000000084a00000, 0x0000000084a00000, 0x0000000084b00000|  0%| F|  |TAMS 0x0000000084a00000, 0x0000000084a00000| Untracked 
|  75|0x0000000084b00000, 0x0000000084b00000, 0x0000000084c00000|  0%| F|  |TAMS 0x0000000084b00000, 0x0000000084b00000| Untracked 
|  76|0x0000000084c00000, 0x0000000084c00000, 0x0000000084d00000|  0%| F|  |TAMS 0x0000000084c00000, 0x0000000084c00000| Untracked 
|  77|0x0000000084d00000, 0x0000000084d00000, 0x0000000084e00000|  0%| F|  |TAMS 0x0000000084d00000, 0x0000000084d00000| Untracked 
|  78|0x0000000084e00000, 0x0000000084e00000, 0x0000000084f00000|  0%| F|  |TAMS 0x0000000084e00000, 0x0000000084e00000| Untracked 
|  79|0x0000000084f00000, 0x0000000084f00000, 0x0000000085000000|  0%| F|  |TAMS 0x0000000084f00000, 0x0000000084f00000| Untracked 
|  80|0x0000000085000000, 0x0000000085000000, 0x0000000085100000|  0%| F|  |TAMS 0x0000000085000000, 0x0000000085000000| Untracked 
|  81|0x0000000085100000, 0x0000000085100000, 0x0000000085200000|  0%| F|  |TAMS 0x0000000085100000, 0x0000000085100000| Untracked 
|  82|0x0000000085200000, 0x0000000085200000, 0x0000000085300000|  0%| F|  |TAMS 0x0000000085200000, 0x0000000085200000| Untracked 
|  83|0x0000000085300000, 0x0000000085300000, 0x0000000085400000|  0%| F|  |TAMS 0x0000000085300000, 0x0000000085300000| Untracked 
|  84|0x0000000085400000, 0x0000000085400000, 0x0000000085500000|  0%| F|  |TAMS 0x0000000085400000, 0x0000000085400000| Untracked 
|  85|0x0000000085500000, 0x0000000085600000, 0x0000000085600000|100%| S|CS|TAMS 0x0000000085500000, 0x0000000085500000| Complete 
|  86|0x0000000085600000, 0x0000000085700000, 0x0000000085700000|100%| S|CS|TAMS 0x0000000085600000, 0x0000000085600000| Complete 
|  87|0x0000000085700000, 0x0000000085800000, 0x0000000085800000|100%| S|CS|TAMS 0x0000000085700000, 0x0000000085700000| Complete 
|  88|0x0000000085800000, 0x0000000085900000, 0x0000000085900000|100%| S|CS|TAMS 0x0000000085800000, 0x0000000085800000| Complete 
|  89|0x0000000085900000, 0x0000000085a00000, 0x0000000085a00000|100%| S|CS|TAMS 0x0000000085900000, 0x0000000085900000| Complete 
|  90|0x0000000085a00000, 0x0000000085b00000, 0x0000000085b00000|100%| S|CS|TAMS 0x0000000085a00000, 0x0000000085a00000| Complete 
|  91|0x0000000085b00000, 0x0000000085c00000, 0x0000000085c00000|100%| S|CS|TAMS 0x0000000085b00000, 0x0000000085b00000| Complete 
|  92|0x0000000085c00000, 0x0000000085d00000, 0x0000000085d00000|100%| S|CS|TAMS 0x0000000085c00000, 0x0000000085c00000| Complete 
|  93|0x0000000085d00000, 0x0000000085e00000, 0x0000000085e00000|100%| S|CS|TAMS 0x0000000085d00000, 0x0000000085d00000| Complete 
|  94|0x0000000085e00000, 0x0000000085f00000, 0x0000000085f00000|100%| S|CS|TAMS 0x0000000085e00000, 0x0000000085e00000| Complete 
|  95|0x0000000085f00000, 0x0000000086000000, 0x0000000086000000|100%| S|CS|TAMS 0x0000000085f00000, 0x0000000085f00000| Complete 
|  96|0x0000000086000000, 0x0000000086000000, 0x0000000086100000|  0%| F|  |TAMS 0x0000000086000000, 0x0000000086000000| Untracked 
|  97|0x0000000086100000, 0x0000000086100000, 0x0000000086200000|  0%| F|  |TAMS 0x0000000086100000, 0x0000000086100000| Untracked 
|  98|0x0000000086200000, 0x0000000086200000, 0x0000000086300000|  0%| F|  |TAMS 0x0000000086200000, 0x0000000086200000| Untracked 
|  99|0x0000000086300000, 0x0000000086300000, 0x0000000086400000|  0%| F|  |TAMS 0x0000000086300000, 0x0000000086300000| Untracked 
| 100|0x0000000086400000, 0x0000000086400000, 0x0000000086500000|  0%| F|  |TAMS 0x0000000086400000, 0x0000000086400000| Untracked 
| 101|0x0000000086500000, 0x0000000086600000, 0x0000000086600000|100%| S|CS|TAMS 0x0000000086500000, 0x0000000086500000| Complete 
| 102|0x0000000086600000, 0x0000000086700000, 0x0000000086700000|100%| S|CS|TAMS 0x0000000086600000, 0x0000000086600000| Complete 
| 103|0x0000000086700000, 0x0000000086700000, 0x0000000086800000|  0%| F|  |TAMS 0x0000000086700000, 0x0000000086700000| Untracked 
| 104|0x0000000086800000, 0x0000000086800000, 0x0000000086900000|  0%| F|  |TAMS 0x0000000086800000, 0x0000000086800000| Untracked 
| 105|0x0000000086900000, 0x0000000086900000, 0x0000000086a00000|  0%| F|  |TAMS 0x0000000086900000, 0x0000000086900000| Untracked 
| 106|0x0000000086a00000, 0x0000000086a00000, 0x0000000086b00000|  0%| F|  |TAMS 0x0000000086a00000, 0x0000000086a00000| Untracked 
| 107|0x0000000086b00000, 0x0000000086b00000, 0x0000000086c00000|  0%| F|  |TAMS 0x0000000086b00000, 0x0000000086b00000| Untracked 
| 108|0x0000000086c00000, 0x0000000086c00000, 0x0000000086d00000|  0%| F|  |TAMS 0x0000000086c00000, 0x0000000086c00000| Untracked 
| 109|0x0000000086d00000, 0x0000000086d00000, 0x0000000086e00000|  0%| F|  |TAMS 0x0000000086d00000, 0x0000000086d00000| Untracked 
| 110|0x0000000086e00000, 0x0000000086e00000, 0x0000000086f00000|  0%| F|  |TAMS 0x0000000086e00000, 0x0000000086e00000| Untracked 
| 111|0x0000000086f00000, 0x0000000086f00000, 0x0000000087000000|  0%| F|  |TAMS 0x0000000086f00000, 0x0000000086f00000| Untracked 
| 112|0x0000000087000000, 0x0000000087000000, 0x0000000087100000|  0%| F|  |TAMS 0x0000000087000000, 0x0000000087000000| Untracked 
| 113|0x0000000087100000, 0x0000000087100000, 0x0000000087200000|  0%| F|  |TAMS 0x0000000087100000, 0x0000000087100000| Untracked 
| 114|0x0000000087200000, 0x0000000087200000, 0x0000000087300000|  0%| F|  |TAMS 0x0000000087200000, 0x0000000087200000| Untracked 
| 115|0x0000000087300000, 0x0000000087300000, 0x0000000087400000|  0%| F|  |TAMS 0x0000000087300000, 0x0000000087300000| Untracked 
| 116|0x0000000087400000, 0x0000000087400000, 0x0000000087500000|  0%| F|  |TAMS 0x0000000087400000, 0x0000000087400000| Untracked 
| 117|0x0000000087500000, 0x0000000087500000, 0x0000000087600000|  0%| F|  |TAMS 0x0000000087500000, 0x0000000087500000| Untracked 
| 118|0x0000000087600000, 0x0000000087600000, 0x0000000087700000|  0%| F|  |TAMS 0x0000000087600000, 0x0000000087600000| Untracked 
| 119|0x0000000087700000, 0x0000000087700000, 0x0000000087800000|  0%| F|  |TAMS 0x0000000087700000, 0x0000000087700000| Untracked 
| 120|0x0000000087800000, 0x0000000087800000, 0x0000000087900000|  0%| F|  |TAMS 0x0000000087800000, 0x0000000087800000| Untracked 
| 121|0x0000000087900000, 0x0000000087900000, 0x0000000087a00000|  0%| F|  |TAMS 0x0000000087900000, 0x0000000087900000| Untracked 
| 122|0x0000000087a00000, 0x0000000087a00000, 0x0000000087b00000|  0%| F|  |TAMS 0x0000000087a00000, 0x0000000087a00000| Untracked 
| 123|0x0000000087b00000, 0x0000000087b00000, 0x0000000087c00000|  0%| F|  |TAMS 0x0000000087b00000, 0x0000000087b00000| Untracked 
| 124|0x0000000087c00000, 0x0000000087c00000, 0x0000000087d00000|  0%| F|  |TAMS 0x0000000087c00000, 0x0000000087c00000| Untracked 
| 125|0x0000000087d00000, 0x0000000087d00000, 0x0000000087e00000|  0%| F|  |TAMS 0x0000000087d00000, 0x0000000087d00000| Untracked 
| 126|0x0000000087e00000, 0x0000000087e00000, 0x0000000087f00000|  0%| F|  |TAMS 0x0000000087e00000, 0x0000000087e00000| Untracked 
| 127|0x0000000087f00000, 0x0000000087f00000, 0x0000000088000000|  0%| F|  |TAMS 0x0000000087f00000, 0x0000000087f00000| Untracked 
| 128|0x0000000088000000, 0x0000000088000000, 0x0000000088100000|  0%| F|  |TAMS 0x0000000088000000, 0x0000000088000000| Untracked 
| 129|0x0000000088100000, 0x0000000088100000, 0x0000000088200000|  0%| F|  |TAMS 0x0000000088100000, 0x0000000088100000| Untracked 
| 130|0x0000000088200000, 0x0000000088200000, 0x0000000088300000|  0%| F|  |TAMS 0x0000000088200000, 0x0000000088200000| Untracked 
| 131|0x0000000088300000, 0x0000000088300000, 0x0000000088400000|  0%| F|  |TAMS 0x0000000088300000, 0x0000000088300000| Untracked 
| 132|0x0000000088400000, 0x0000000088400000, 0x0000000088500000|  0%| F|  |TAMS 0x0000000088400000, 0x0000000088400000| Untracked 
| 133|0x0000000088500000, 0x0000000088500000, 0x0000000088600000|  0%| F|  |TAMS 0x0000000088500000, 0x0000000088500000| Untracked 
| 134|0x0000000088600000, 0x0000000088600000, 0x0000000088700000|  0%| F|  |TAMS 0x0000000088600000, 0x0000000088600000| Untracked 
| 135|0x0000000088700000, 0x0000000088700000, 0x0000000088800000|  0%| F|  |TAMS 0x0000000088700000, 0x0000000088700000| Untracked 
| 136|0x0000000088800000, 0x0000000088800000, 0x0000000088900000|  0%| F|  |TAMS 0x0000000088800000, 0x0000000088800000| Untracked 
| 137|0x0000000088900000, 0x0000000088900000, 0x0000000088a00000|  0%| F|  |TAMS 0x0000000088900000, 0x0000000088900000| Untracked 
| 138|0x0000000088a00000, 0x0000000088a00000, 0x0000000088b00000|  0%| F|  |TAMS 0x0000000088a00000, 0x0000000088a00000| Untracked 
| 139|0x0000000088b00000, 0x0000000088b00000, 0x0000000088c00000|  0%| F|  |TAMS 0x0000000088b00000, 0x0000000088b00000| Untracked 
| 140|0x0000000088c00000, 0x0000000088c00000, 0x0000000088d00000|  0%| F|  |TAMS 0x0000000088c00000, 0x0000000088c00000| Untracked 
| 141|0x0000000088d00000, 0x0000000088d00000, 0x0000000088e00000|  0%| F|  |TAMS 0x0000000088d00000, 0x0000000088d00000| Untracked 
| 142|0x0000000088e00000, 0x0000000088e00000, 0x0000000088f00000|  0%| F|  |TAMS 0x0000000088e00000, 0x0000000088e00000| Untracked 
| 143|0x0000000088f00000, 0x0000000088f00000, 0x0000000089000000|  0%| F|  |TAMS 0x0000000088f00000, 0x0000000088f00000| Untracked 
| 144|0x0000000089000000, 0x0000000089000000, 0x0000000089100000|  0%| F|  |TAMS 0x0000000089000000, 0x0000000089000000| Untracked 
| 145|0x0000000089100000, 0x0000000089100000, 0x0000000089200000|  0%| F|  |TAMS 0x0000000089100000, 0x0000000089100000| Untracked 
| 146|0x0000000089200000, 0x0000000089200000, 0x0000000089300000|  0%| F|  |TAMS 0x0000000089200000, 0x0000000089200000| Untracked 
| 147|0x0000000089300000, 0x0000000089300000, 0x0000000089400000|  0%| F|  |TAMS 0x0000000089300000, 0x0000000089300000| Untracked 
| 148|0x0000000089400000, 0x0000000089400000, 0x0000000089500000|  0%| F|  |TAMS 0x0000000089400000, 0x0000000089400000| Untracked 
| 149|0x0000000089500000, 0x0000000089500000, 0x0000000089600000|  0%| F|  |TAMS 0x0000000089500000, 0x0000000089500000| Untracked 
| 150|0x0000000089600000, 0x0000000089600000, 0x0000000089700000|  0%| F|  |TAMS 0x0000000089600000, 0x0000000089600000| Untracked 
| 151|0x0000000089700000, 0x0000000089700000, 0x0000000089800000|  0%| F|  |TAMS 0x0000000089700000, 0x0000000089700000| Untracked 
| 152|0x0000000089800000, 0x0000000089800000, 0x0000000089900000|  0%| F|  |TAMS 0x0000000089800000, 0x0000000089800000| Untracked 
| 153|0x0000000089900000, 0x0000000089900000, 0x0000000089a00000|  0%| F|  |TAMS 0x0000000089900000, 0x0000000089900000| Untracked 
| 154|0x0000000089a00000, 0x0000000089a00000, 0x0000000089b00000|  0%| F|  |TAMS 0x0000000089a00000, 0x0000000089a00000| Untracked 
| 155|0x0000000089b00000, 0x0000000089b00000, 0x0000000089c00000|  0%| F|  |TAMS 0x0000000089b00000, 0x0000000089b00000| Untracked 
| 156|0x0000000089c00000, 0x0000000089c00000, 0x0000000089d00000|  0%| F|  |TAMS 0x0000000089c00000, 0x0000000089c00000| Untracked 
| 157|0x0000000089d00000, 0x0000000089d00000, 0x0000000089e00000|  0%| F|  |TAMS 0x0000000089d00000, 0x0000000089d00000| Untracked 
| 158|0x0000000089e00000, 0x0000000089e00000, 0x0000000089f00000|  0%| F|  |TAMS 0x0000000089e00000, 0x0000000089e00000| Untracked 
| 159|0x0000000089f00000, 0x0000000089f00000, 0x000000008a000000|  0%| F|  |TAMS 0x0000000089f00000, 0x0000000089f00000| Untracked 
| 160|0x000000008a000000, 0x000000008a000000, 0x000000008a100000|  0%| F|  |TAMS 0x000000008a000000, 0x000000008a000000| Untracked 
| 161|0x000000008a100000, 0x000000008a100000, 0x000000008a200000|  0%| F|  |TAMS 0x000000008a100000, 0x000000008a100000| Untracked 
| 162|0x000000008a200000, 0x000000008a200000, 0x000000008a300000|  0%| F|  |TAMS 0x000000008a200000, 0x000000008a200000| Untracked 
| 163|0x000000008a300000, 0x000000008a300000, 0x000000008a400000|  0%| F|  |TAMS 0x000000008a300000, 0x000000008a300000| Untracked 
| 164|0x000000008a400000, 0x000000008a400000, 0x000000008a500000|  0%| F|  |TAMS 0x000000008a400000, 0x000000008a400000| Untracked 
| 165|0x000000008a500000, 0x000000008a500000, 0x000000008a600000|  0%| F|  |TAMS 0x000000008a500000, 0x000000008a500000| Untracked 
| 166|0x000000008a600000, 0x000000008a600000, 0x000000008a700000|  0%| F|  |TAMS 0x000000008a600000, 0x000000008a600000| Untracked 
| 167|0x000000008a700000, 0x000000008a700000, 0x000000008a800000|  0%| F|  |TAMS 0x000000008a700000, 0x000000008a700000| Untracked 
| 168|0x000000008a800000, 0x000000008a800000, 0x000000008a900000|  0%| F|  |TAMS 0x000000008a800000, 0x000000008a800000| Untracked 
| 169|0x000000008a900000, 0x000000008a900000, 0x000000008aa00000|  0%| F|  |TAMS 0x000000008a900000, 0x000000008a900000| Untracked 
| 170|0x000000008aa00000, 0x000000008aa00000, 0x000000008ab00000|  0%| F|  |TAMS 0x000000008aa00000, 0x000000008aa00000| Untracked 
| 171|0x000000008ab00000, 0x000000008ab00000, 0x000000008ac00000|  0%| F|  |TAMS 0x000000008ab00000, 0x000000008ab00000| Untracked 
| 172|0x000000008ac00000, 0x000000008ac00000, 0x000000008ad00000|  0%| F|  |TAMS 0x000000008ac00000, 0x000000008ac00000| Untracked 
| 173|0x000000008ad00000, 0x000000008ad00000, 0x000000008ae00000|  0%| F|  |TAMS 0x000000008ad00000, 0x000000008ad00000| Untracked 
| 174|0x000000008ae00000, 0x000000008ae00000, 0x000000008af00000|  0%| F|  |TAMS 0x000000008ae00000, 0x000000008ae00000| Untracked 
| 175|0x000000008af00000, 0x000000008af00000, 0x000000008b000000|  0%| F|  |TAMS 0x000000008af00000, 0x000000008af00000| Untracked 
| 176|0x000000008b000000, 0x000000008b000000, 0x000000008b100000|  0%| F|  |TAMS 0x000000008b000000, 0x000000008b000000| Untracked 
| 177|0x000000008b100000, 0x000000008b100000, 0x000000008b200000|  0%| F|  |TAMS 0x000000008b100000, 0x000000008b100000| Untracked 
| 178|0x000000008b200000, 0x000000008b200000, 0x000000008b300000|  0%| F|  |TAMS 0x000000008b200000, 0x000000008b200000| Untracked 
| 179|0x000000008b300000, 0x000000008b300000, 0x000000008b400000|  0%| F|  |TAMS 0x000000008b300000, 0x000000008b300000| Untracked 
| 180|0x000000008b400000, 0x000000008b400000, 0x000000008b500000|  0%| F|  |TAMS 0x000000008b400000, 0x000000008b400000| Untracked 
| 181|0x000000008b500000, 0x000000008b500000, 0x000000008b600000|  0%| F|  |TAMS 0x000000008b500000, 0x000000008b500000| Untracked 
| 182|0x000000008b600000, 0x000000008b600000, 0x000000008b700000|  0%| F|  |TAMS 0x000000008b600000, 0x000000008b600000| Untracked 
| 183|0x000000008b700000, 0x000000008b700000, 0x000000008b800000|  0%| F|  |TAMS 0x000000008b700000, 0x000000008b700000| Untracked 
| 184|0x000000008b800000, 0x000000008b800000, 0x000000008b900000|  0%| F|  |TAMS 0x000000008b800000, 0x000000008b800000| Untracked 
| 185|0x000000008b900000, 0x000000008b9d0808, 0x000000008ba00000| 81%| E|  |TAMS 0x000000008b900000, 0x000000008b900000| Complete 
| 186|0x000000008ba00000, 0x000000008bb00000, 0x000000008bb00000|100%| E|CS|TAMS 0x000000008ba00000, 0x000000008ba00000| Complete 
| 187|0x000000008bb00000, 0x000000008bc00000, 0x000000008bc00000|100%| E|CS|TAMS 0x000000008bb00000, 0x000000008bb00000| Complete 
| 188|0x000000008bc00000, 0x000000008bd00000, 0x000000008bd00000|100%| E|CS|TAMS 0x000000008bc00000, 0x000000008bc00000| Complete 
| 189|0x000000008bd00000, 0x000000008be00000, 0x000000008be00000|100%| E|CS|TAMS 0x000000008bd00000, 0x000000008bd00000| Complete 

Card table byte_map: [0x0000018ee30a0000,0x0000018ee34a0000] _byte_map_base: 0x0000018ee2ca0000

Marking Bits (Prev, Next): (CMBitMap*) 0x0000018ecfc62be0, (CMBitMap*) 0x0000018ecfc62ba8
 Prev Bits: [0x0000018ee58a0000, 0x0000018ee78a0000)
 Next Bits: [0x0000018ee38a0000, 0x0000018ee58a0000)

Polling page: 0x0000018ecdb50000

Metaspace:

Usage:
  Non-class:     70.46 MB capacity,    69.03 MB ( 98%) used,     1.19 MB (  2%) free+waste,   240.06 KB ( <1%) overhead. 
      Class:     11.29 MB capacity,    10.48 MB ( 93%) used,   707.96 KB (  6%) free+waste,   112.75 KB ( <1%) overhead. 
       Both:     81.74 MB capacity,    79.51 MB ( 97%) used,     1.89 MB (  2%) free+waste,   352.81 KB ( <1%) overhead. 

Virtual space:
  Non-class space:       72.00 MB reserved,      70.65 MB ( 98%) committed 
      Class space:        1.00 GB reserved,      11.38 MB (  1%) committed 
             Both:        1.07 GB reserved,      82.03 MB (  7%) committed 

Chunk freelists:
   Non-Class:  8.00 KB
       Class:  0 bytes
        Both:  8.00 KB

MaxMetaspaceSize: 17179869184.00 GB
CompressedClassSpaceSize: 1.00 GB
Initial GC threshold: 20.80 MB
Current GC threshold: 99.00 MB
CDS: off

CodeHeap 'non-profiled nmethods': size=120000Kb used=5748Kb max_used=5748Kb free=114251Kb
 bounds [0x0000018edb210000, 0x0000018edb7b0000, 0x0000018ee2740000]
CodeHeap 'profiled nmethods': size=120000Kb used=17660Kb max_used=17660Kb free=102339Kb
 bounds [0x0000018ed3ce0000, 0x0000018ed4e20000, 0x0000018edb210000]
CodeHeap 'non-nmethods': size=5760Kb used=2370Kb max_used=2453Kb free=3389Kb
 bounds [0x0000018ed3740000, 0x0000018ed39c0000, 0x0000018ed3ce0000]
 total_blobs=9182 nmethods=8289 adapters=805
 compilation: enabled
              stopped_count=0, restarted_count=0
 full_count=0

Compilation events (20 events):
Event: 46.507 Thread 0x0000018eeadd1800 8337       3       java.util.HashMap::clear (50 bytes)
Event: 46.507 Thread 0x0000018eeadd1800 nmethod 8337 0x0000018ed4e1a810 code [0x0000018ed4e1a9e0, 0x0000018ed4e1ad98]
Event: 49.241 Thread 0x0000018eeadd1800 8338       3       java.util.HashMap$ValueSpliterator::tryAdvance (138 bytes)
Event: 49.242 Thread 0x0000018eeadd1800 nmethod 8338 0x0000018ed4e1ae90 code [0x0000018ed4e1b0c0, 0x0000018ed4e1b7d8]
Event: 49.242 Thread 0x0000018eeadd1800 8339       3       java.lang.management.ManagementFactory$PlatformMBeanFinder$$Lambda$61/0x0000000100162040::test (12 bytes)
Event: 49.242 Thread 0x0000018eeadd1800 nmethod 8339 0x0000018ed4e1ba10 code [0x0000018ed4e1bc00, 0x0000018ed4e1bff8]
Event: 50.235 Thread 0x0000018eeadd0000 8340       4       java.util.ComparableTimSort::binarySort (223 bytes)
Event: 50.247 Thread 0x0000018eeadd0000 nmethod 8340 0x0000018edb7ac190 code [0x0000018edb7ac360, 0x0000018edb7acca8]
Event: 50.384 Thread 0x0000018eeadd1800 8341       3       org.gradle.internal.vfs.impl.DefaultSnapshotHierarchy::store (61 bytes)
Event: 50.384 Thread 0x0000018eeadd1800 nmethod 8341 0x0000018ed4e1c190 code [0x0000018ed4e1c400, 0x0000018ed4e1cf58]
Event: 50.384 Thread 0x0000018eeadd1800 8342       3       org.gradle.internal.snapshot.SingletonChildMap::store (24 bytes)
Event: 50.384 Thread 0x0000018eeadd1800 nmethod 8342 0x0000018ed4e1d390 code [0x0000018ed4e1d580, 0x0000018ed4e1dac8]
Event: 50.592 Thread 0x0000018eeadd1800 8343   !   3       org.gradle.cache.internal.DefaultCacheAccess::onEndWork (36 bytes)
Event: 50.592 Thread 0x0000018eeadd1800 nmethod 8343 0x0000018ed4e1dc90 code [0x0000018ed4e1de60, 0x0000018ed4e1e128]
Event: 52.246 Thread 0x0000018eeadd1800 8344       3       java.util.stream.Collectors$$Lambda$63/0x0000000100161840::get (8 bytes)
Event: 52.246 Thread 0x0000018eeadd1800 nmethod 8344 0x0000018ed4e1e210 code [0x0000018ed4e1e3e0, 0x0000018ed4e1e718]
Event: 55.410 Thread 0x0000018eeadd1800 8345       3       java.util.concurrent.ConcurrentHashMap::isEmpty (15 bytes)
Event: 55.411 Thread 0x0000018eeadd1800 nmethod 8345 0x0000018ed4e1e890 code [0x0000018ed4e1ea40, 0x0000018ed4e1ebc8]
Event: 56.509 Thread 0x0000018eeadd1800 8346       3       org.gradle.internal.serialize.InputStreamBackedDecoder::readString (8 bytes)
Event: 56.509 Thread 0x0000018eeadd1800 nmethod 8346 0x0000018ed4e1ec90 code [0x0000018ed4e1ee60, 0x0000018ed4e1efe8]

GC Heap History (20 events):
Event: 7.244 GC heap before
{Heap before GC invocations=1 (full 0):
 garbage-first heap   total 194560K, used 107881K [0x0000000080000000, 0x0000000100000000)
  region size 1024K, 99 young (101376K), 3 survivors (3072K)
 Metaspace       used 20799K, capacity 21189K, committed 21296K, reserved 1069056K
  class space    used 2529K, capacity 2687K, committed 2688K, reserved 1048576K
}
Event: 7.255 GC heap after
{Heap after GC invocations=2 (full 0):
 garbage-first heap   total 194560K, used 17394K [0x0000000080000000, 0x0000000100000000)
  region size 1024K, 11 young (11264K), 11 survivors (11264K)
 Metaspace       used 20799K, capacity 21189K, committed 21296K, reserved 1069056K
  class space    used 2529K, capacity 2687K, committed 2688K, reserved 1048576K
}
Event: 7.966 GC heap before
{Heap before GC invocations=3 (full 0):
 garbage-first heap   total 194560K, used 64498K [0x0000000080000000, 0x0000000100000000)
  region size 1024K, 57 young (58368K), 11 survivors (11264K)
 Metaspace       used 25647K, capacity 26235K, committed 26368K, reserved 1073152K
  class space    used 3316K, capacity 3547K, committed 3584K, reserved 1048576K
}
Event: 7.974 GC heap after
{Heap after GC invocations=4 (full 0):
 garbage-first heap   total 194560K, used 19163K [0x0000000080000000, 0x0000000100000000)
  region size 1024K, 3 young (3072K), 3 survivors (3072K)
 Metaspace       used 25647K, capacity 26235K, committed 26368K, reserved 1073152K
  class space    used 3316K, capacity 3547K, committed 3584K, reserved 1048576K
}
Event: 14.943 GC heap before
{Heap before GC invocations=4 (full 0):
 garbage-first heap   total 194560K, used 92891K [0x0000000080000000, 0x0000000100000000)
  region size 1024K, 76 young (77824K), 3 survivors (3072K)
 Metaspace       used 34995K, capacity 35889K, committed 35968K, reserved 1081344K
  class space    used 4568K, capacity 4921K, committed 4992K, reserved 1048576K
}
Event: 14.953 GC heap after
{Heap after GC invocations=5 (full 0):
 garbage-first heap   total 194560K, used 22349K [0x0000000080000000, 0x0000000100000000)
  region size 1024K, 6 young (6144K), 6 survivors (6144K)
 Metaspace       used 34995K, capacity 35889K, committed 35968K, reserved 1081344K
  class space    used 4568K, capacity 4921K, committed 4992K, reserved 1048576K
}
Event: 16.779 GC heap before
{Heap before GC invocations=6 (full 0):
 garbage-first heap   total 194560K, used 126797K [0x0000000080000000, 0x0000000100000000)
  region size 1024K, 105 young (107520K), 6 survivors (6144K)
 Metaspace       used 44008K, capacity 45118K, committed 45212K, reserved 1089536K
  class space    used 5650K, capacity 6064K, committed 6144K, reserved 1048576K
}
Event: 16.789 GC heap after
{Heap after GC invocations=7 (full 0):
 garbage-first heap   total 194560K, used 29607K [0x0000000080000000, 0x0000000100000000)
  region size 1024K, 13 young (13312K), 13 survivors (13312K)
 Metaspace       used 44008K, capacity 45118K, committed 45212K, reserved 1089536K
  class space    used 5650K, capacity 6064K, committed 6144K, reserved 1048576K
}
Event: 26.091 GC heap before
{Heap before GC invocations=7 (full 0):
 garbage-first heap   total 194560K, used 134055K [0x0000000080000000, 0x0000000100000000)
  region size 1024K, 114 young (116736K), 13 survivors (13312K)
 Metaspace       used 49588K, capacity 50956K, committed 51100K, reserved 1093632K
  class space    used 6311K, capacity 6821K, committed 6912K, reserved 1048576K
}
Event: 26.100 GC heap after
{Heap after GC invocations=8 (full 0):
 garbage-first heap   total 194560K, used 35456K [0x0000000080000000, 0x0000000100000000)
  region size 1024K, 13 young (13312K), 13 survivors (13312K)
 Metaspace       used 49588K, capacity 50956K, committed 51100K, reserved 1093632K
  class space    used 6311K, capacity 6821K, committed 6912K, reserved 1048576K
}
Event: 32.089 GC heap before
{Heap before GC invocations=8 (full 0):
 garbage-first heap   total 194560K, used 111232K [0x0000000080000000, 0x0000000100000000)
  region size 1024K, 86 young (88064K), 13 survivors (13312K)
 Metaspace       used 58818K, capacity 60448K, committed 60572K, reserved 1101824K
  class space    used 7485K, capacity 8110K, committed 8192K, reserved 1048576K
}
Event: 32.103 GC heap after
{Heap after GC invocations=9 (full 0):
 garbage-first heap   total 194560K, used 44330K [0x0000000080000000, 0x0000000100000000)
  region size 1024K, 13 young (13312K), 13 survivors (13312K)
 Metaspace       used 58818K, capacity 60448K, committed 60572K, reserved 1101824K
  class space    used 7485K, capacity 8110K, committed 8192K, reserved 1048576K
}
Event: 33.598 GC heap before
{Heap before GC invocations=10 (full 0):
 garbage-first heap   total 194560K, used 152874K [0x0000000080000000, 0x0000000100000000)
  region size 1024K, 111 young (113664K), 13 survivors (13312K)
 Metaspace       used 65187K, capacity 66990K, committed 67100K, reserved 1107968K
  class space    used 8306K, capacity 8986K, committed 9088K, reserved 1048576K
}
Event: 33.610 GC heap after
{Heap after GC invocations=11 (full 0):
 garbage-first heap   total 194560K, used 52224K [0x0000000080000000, 0x0000000100000000)
  region size 1024K, 14 young (14336K), 14 survivors (14336K)
 Metaspace       used 65187K, capacity 66990K, committed 67100K, reserved 1107968K
  class space    used 8306K, capacity 8986K, committed 9088K, reserved 1048576K
}
Event: 34.887 GC heap before
{Heap before GC invocations=11 (full 0):
 garbage-first heap   total 194560K, used 148480K [0x0000000080000000, 0x0000000100000000)
  region size 1024K, 108 young (110592K), 14 survivors (14336K)
 Metaspace       used 71390K, capacity 73187K, committed 73500K, reserved 1112064K
  class space    used 9305K, capacity 9992K, committed 10112K, reserved 1048576K
}
Event: 34.897 GC heap after
{Heap after GC invocations=12 (full 0):
 garbage-first heap   total 194560K, used 59902K [0x0000000080000000, 0x0000000100000000)
  region size 1024K, 14 young (14336K), 14 survivors (14336K)
 Metaspace       used 71390K, capacity 73187K, committed 73500K, reserved 1112064K
  class space    used 9305K, capacity 9992K, committed 10112K, reserved 1048576K
}
Event: 39.238 GC heap before
{Heap before GC invocations=12 (full 0):
 garbage-first heap   total 194560K, used 151038K [0x0000000080000000, 0x0000000100000000)
  region size 1024K, 103 young (105472K), 14 survivors (14336K)
 Metaspace       used 78504K, capacity 80544K, committed 80668K, reserved 1118208K
  class space    used 10332K, capacity 11091K, committed 11136K, reserved 1048576K
}
Event: 39.250 GC heap after
{Heap after GC invocations=13 (full 0):
 garbage-first heap   total 194560K, used 65445K [0x0000000080000000, 0x0000000100000000)
  region size 1024K, 12 young (12288K), 12 survivors (12288K)
 Metaspace       used 78504K, capacity 80544K, committed 80668K, reserved 1118208K
  class space    used 10332K, capacity 11091K, committed 11136K, reserved 1048576K
}
Event: 40.084 GC heap before
{Heap before GC invocations=13 (full 0):
 garbage-first heap   total 194560K, used 154533K [0x0000000080000000, 0x0000000100000000)
  region size 1024K, 99 young (101376K), 12 survivors (12288K)
 Metaspace       used 80928K, capacity 83070K, committed 83356K, reserved 1122304K
  class space    used 10649K, capacity 11455K, committed 11520K, reserved 1048576K
}
Event: 40.100 GC heap after
{Heap after GC invocations=14 (full 0):
 garbage-first heap   total 194560K, used 75380K [0x0000000080000000, 0x0000000100000000)
  region size 1024K, 13 young (13312K), 13 survivors (13312K)
 Metaspace       used 80928K, capacity 83070K, committed 83356K, reserved 1122304K
  class space    used 10649K, capacity 11455K, committed 11520K, reserved 1048576K
}

Deoptimization events (20 events):
Event: 40.060 Thread 0x0000018eed2fa800 DEOPT PACKING pc=0x0000018edb484f00 sp=0x00000031ce8feac0
Event: 40.060 Thread 0x0000018eed2fa800 DEOPT UNPACKING pc=0x0000018ed378a1af sp=0x00000031ce8fe948 mode 2
Event: 40.084 Thread 0x0000018eed2fb800 Uncommon trap: trap_request=0xffffffde fr.pc=0x0000018edb344da4 relative=0x00000000000002e4
Event: 40.084 Thread 0x0000018eed2fb800 Uncommon trap: reason=class_check action=maybe_recompile pc=0x0000018edb344da4 method=java.util.Collections$SetFromMap.remove(Ljava/lang/Object;)Z @ 5 c2
Event: 40.084 Thread 0x0000018eed2fb800 DEOPT PACKING pc=0x0000018edb344da4 sp=0x00000031cdefeb40
Event: 40.084 Thread 0x0000018eed2fb800 DEOPT UNPACKING pc=0x0000018ed378a1af sp=0x00000031cdefeb38 mode 2
Event: 40.153 Thread 0x0000018eed2fb800 Uncommon trap: trap_request=0xffffffde fr.pc=0x0000018edb45d2ec relative=0x000000000000022c
Event: 40.153 Thread 0x0000018eed2fb800 Uncommon trap: reason=class_check action=maybe_recompile pc=0x0000018edb45d2ec method=java.util.stream.StreamOpFlag.fromCharacteristics(Ljava/util/Spliterator;)I @ 14 c2
Event: 40.153 Thread 0x0000018eed2fb800 DEOPT PACKING pc=0x0000018edb45d2ec sp=0x00000031cdefe440
Event: 40.153 Thread 0x0000018eed2fb800 DEOPT UNPACKING pc=0x0000018ed378a1af sp=0x00000031cdefe328 mode 2
Event: 40.157 Thread 0x0000018eed2fb800 Uncommon trap: trap_request=0xffffffde fr.pc=0x0000018edb45d2ec relative=0x000000000000022c
Event: 40.157 Thread 0x0000018eed2fb800 Uncommon trap: reason=class_check action=maybe_recompile pc=0x0000018edb45d2ec method=java.util.stream.StreamOpFlag.fromCharacteristics(Ljava/util/Spliterator;)I @ 14 c2
Event: 40.157 Thread 0x0000018eed2fb800 DEOPT PACKING pc=0x0000018edb45d2ec sp=0x00000031cdefe440
Event: 40.157 Thread 0x0000018eed2fb800 DEOPT UNPACKING pc=0x0000018ed378a1af sp=0x00000031cdefe328 mode 2
Event: 40.159 Thread 0x0000018eed7d1800 DEOPT PACKING pc=0x0000018ed4473749 sp=0x00000031c3cfc5a0
Event: 40.159 Thread 0x0000018eed7d1800 DEOPT UNPACKING pc=0x0000018ed378a95e sp=0x00000031c3cfba18 mode 0
Event: 50.385 Thread 0x0000018eed2fb800 Uncommon trap: trap_request=0xffffff4d fr.pc=0x0000018edb6a79a4 relative=0x00000000000001e4
Event: 50.385 Thread 0x0000018eed2fb800 Uncommon trap: reason=unstable_if action=reinterpret pc=0x0000018edb6a79a4 method=com.google.common.collect.RegularImmutableSet.contains(Ljava/lang/Object;)Z @ 10 c2
Event: 50.385 Thread 0x0000018eed2fb800 DEOPT PACKING pc=0x0000018edb6a79a4 sp=0x00000031cdefb9c0
Event: 50.385 Thread 0x0000018eed2fb800 DEOPT UNPACKING pc=0x0000018ed378a1af sp=0x00000031cdefb958 mode 2

Classes redefined (0 events):
No events

Internal exceptions (20 events):
Event: 39.984 Thread 0x0000018eed7cd800 Exception <a 'java/lang/ClassNotFoundException'{0x0000000086e73218}: com/android/build/gradle/internal/tasks/SigningConfigVersionsWriterTaskCustomizer> (0x0000000086e73218) thrown at [src/hotspot/share/classfile/systemDictionary.cpp, line 230]
Event: 39.985 Thread 0x0000018eed7cd800 Exception <a 'java/lang/ClassNotFoundException'{0x0000000086eae160}: com/android/build/gradle/internal/tasks/SigningConfigVersionsWriterTask_DecoratedCustomizer> (0x0000000086eae160) thrown at [src/hotspot/share/classfile/systemDictionary.cpp, line 230]
Event: 39.988 Thread 0x0000018eed7cd800 Exception <a 'java/lang/ClassNotFoundException'{0x0000000086d86ad0}: com/android/build/gradle/tasks/PackageApplication_DecoratedBeanInfo> (0x0000000086d86ad0) thrown at [src/hotspot/share/classfile/systemDictionary.cpp, line 230]
Event: 39.989 Thread 0x0000018eed7cd800 Exception <a 'java/lang/ClassNotFoundException'{0x0000000086d9fb88}: com/android/build/gradle/tasks/PackageApplicationBeanInfo> (0x0000000086d9fb88) thrown at [src/hotspot/share/classfile/systemDictionary.cpp, line 230]
Event: 39.990 Thread 0x0000018eed7cd800 Exception <a 'java/lang/ClassNotFoundException'{0x0000000086db9d18}: com/android/build/gradle/tasks/PackageAndroidArtifactBeanInfo> (0x0000000086db9d18) thrown at [src/hotspot/share/classfile/systemDictionary.cpp, line 230]
Event: 39.990 Thread 0x0000018eed7cd800 Exception <a 'java/lang/ClassNotFoundException'{0x0000000086dd40e8}: com/android/build/gradle/tasks/PackageAndroidArtifactCustomizer> (0x0000000086dd40e8) thrown at [src/hotspot/share/classfile/systemDictionary.cpp, line 230]
Event: 39.993 Thread 0x0000018eed7cd800 Exception <a 'java/lang/ClassNotFoundException'{0x0000000086c3bd20}: com/android/build/gradle/tasks/PackageApplicationCustomizer> (0x0000000086c3bd20) thrown at [src/hotspot/share/classfile/systemDictionary.cpp, line 230]
Event: 39.994 Thread 0x0000018eed7cd800 Exception <a 'java/lang/ClassNotFoundException'{0x0000000086c74130}: com/android/build/gradle/tasks/PackageApplication_DecoratedCustomizer> (0x0000000086c74130) thrown at [src/hotspot/share/classfile/systemDictionary.cpp, line 230]
Event: 39.999 Thread 0x0000018eed7cd800 Exception <a 'java/lang/ClassNotFoundException'{0x0000000086b56a20}: com/android/build/gradle/internal/tasks/ListingFileRedirectTask_DecoratedBeanInfo> (0x0000000086b56a20) thrown at [src/hotspot/share/classfile/systemDictionary.cpp, line 230]
Event: 40.000 Thread 0x0000018eed7cd800 Exception <a 'java/lang/ClassNotFoundException'{0x0000000086b72318}: com/android/build/gradle/internal/tasks/ListingFileRedirectTaskBeanInfo> (0x0000000086b72318) thrown at [src/hotspot/share/classfile/systemDictionary.cpp, line 230]
Event: 40.001 Thread 0x0000018eed7cd800 Exception <a 'java/lang/ClassNotFoundException'{0x0000000086b8df68}: com/android/build/gradle/internal/tasks/ListingFileRedirectTaskCustomizer> (0x0000000086b8df68) thrown at [src/hotspot/share/classfile/systemDictionary.cpp, line 230]
Event: 40.001 Thread 0x0000018eed7cd800 Exception <a 'java/lang/ClassNotFoundException'{0x0000000086bbd430}: com/android/build/gradle/internal/tasks/ListingFileRedirectTask_DecoratedCustomizer> (0x0000000086bbd430) thrown at [src/hotspot/share/classfile/systemDictionary.cpp, line 230]
Event: 40.009 Thread 0x0000018eed7cd800 Exception <a 'java/lang/NoSuchMethodError'{0x0000000086a23558}: 'java.lang.Object java.lang.invoke.DirectMethodHandle$Holder.invokeStatic(java.lang.Object, java.lang.Object, java.lang.Object, java.lang.Object, int, java.lang.Object)'> (0x0000000086a23558) thrown at [src/hotspot/share/interpreter/linkResolver.cpp, line 773]
Event: 40.010 Thread 0x0000018eed7cd800 Exception <a 'java/lang/NoSuchMethodError'{0x0000000086a27e28}: 'java.lang.Object java.lang.invoke.DirectMethodHandle$Holder.invokeSpecial(java.lang.Object, java.lang.Object, java.lang.Object, java.lang.Object, java.lang.Object, int, java.lang.Object)'> (0x0000000086a27e28) thrown at [src/hotspot/share/interpreter/linkResolver.cpp, line 773]
Event: 40.010 Thread 0x0000018eed7cd800 Exception <a 'java/lang/NoSuchMethodError'{0x0000000086a2c0b8}: 'java.lang.Object java.lang.invoke.Invokers$Holder.linkToTargetMethod(java.lang.Object, java.lang.Object, java.lang.Object, int, java.lang.Object, java.lang.Object)'> (0x0000000086a2c0b8) thrown at [src/hotspot/share/interpreter/linkResolver.cpp, line 773]
Event: 40.158 Thread 0x0000018eed7d1800 Exception <a 'java/lang/NoSuchMethodError'{0x000000008bb31b08}: <clinit>> (0x000000008bb31b08) thrown at [src/hotspot/share/prims/jni.cpp, line 1367]
Event: 40.159 Thread 0x0000018eed7d1800 Exception <a 'java/lang/NoSuchMethodError'{0x000000008bb50ef0}: <clinit>> (0x000000008bb50ef0) thrown at [src/hotspot/share/prims/jni.cpp, line 1367]
Event: 40.955 Thread 0x0000018eed2fb800 Exception <a 'java/lang/IncompatibleClassChangeError'{0x000000008bbae5b0}: Found class java.lang.Object, but interface was expected> (0x000000008bbae5b0) thrown at [src/hotspot/share/interpreter/linkResolver.cpp, line 839]
Event: 50.385 Thread 0x0000018eed2fb800 Implicit null exception at 0x0000018edb6a77f7 to 0x0000018edb6a798c
Event: 55.409 Thread 0x0000018eed2fb800 Exception <a 'net/rubygrapefruit/platform/NativeException'{0x000000008b991e98}: Execution timed out> (0x000000008b991e98) thrown at [src/hotspot/share/prims/jni.cpp, line 638]

Events (20 events):
Event: 55.408 loading class org/gradle/internal/logging/events/operations/StyledTextBuildOperationProgressDetails$Span
Event: 55.408 loading class org/gradle/internal/logging/events/operations/StyledTextBuildOperationProgressDetails$Span done
Event: 55.408 loading class org/gradle/internal/operations/logging/StyledTextBuildOperationProgressDetails$Span
Event: 55.408 loading class org/gradle/internal/operations/logging/StyledTextBuildOperationProgressDetails$Span done
Event: 55.409 loading class net/rubygrapefruit/platform/internal/jni/InotifyInstanceLimitTooLowException
Event: 55.409 loading class net/rubygrapefruit/platform/internal/jni/InotifyInstanceLimitTooLowException done
Event: 55.409 loading class net/rubygrapefruit/platform/internal/jni/InsufficientResourcesForWatchingException
Event: 55.409 loading class net/rubygrapefruit/platform/internal/jni/InsufficientResourcesForWatchingException done
Event: 55.409 Executing VM operation: RevokeBias
Event: 55.409 Executing VM operation: RevokeBias done
Event: 55.410 Executing VM operation: RevokeBias
Event: 55.410 Executing VM operation: RevokeBias done
Event: 55.410 loading class net/rubygrapefruit/platform/internal/jni/InotifyWatchesLimitTooLowException
Event: 55.410 loading class net/rubygrapefruit/platform/internal/jni/InotifyWatchesLimitTooLowException done
Event: 55.410 loading class org/gradle/internal/watch/WatchingNotSupportedException
Event: 55.410 loading class org/gradle/internal/watch/WatchingNotSupportedException done
Event: 55.411 loading class org/gradle/internal/serialize/Message
Event: 55.411 loading class org/gradle/internal/serialize/Message done
Event: 55.411 loading class org/gradle/internal/serialize/ExceptionReplacingObjectOutputStream$1
Event: 55.411 loading class org/gradle/internal/serialize/ExceptionReplacingObjectOutputStream$1 done


Dynamic libraries:
0x00007ff79c620000 - 0x00007ff79c62a000 	A:\Android_Studio\Android Studio\jbr\bin\java.exe
0x00007ff9880f0000 - 0x00007ff988304000 	C:\Windows\SYSTEM32\ntdll.dll
0x00007ff9869f0000 - 0x00007ff986ab2000 	C:\Windows\System32\KERNEL32.DLL
0x00007ff985ab0000 - 0x00007ff985e4c000 	C:\Windows\System32\KERNELBASE.dll
0x00007ff9855f0000 - 0x00007ff985701000 	C:\Windows\System32\ucrtbase.dll
0x00007ff96fdc0000 - 0x00007ff96fddb000 	A:\Android_Studio\Android Studio\jbr\bin\VCRUNTIME140.dll
0x00007ff9777a0000 - 0x00007ff9777b7000 	A:\Android_Studio\Android Studio\jbr\bin\jli.dll
0x00007ff986670000 - 0x00007ff98681b000 	C:\Windows\System32\USER32.dll
0x00007ff985ed0000 - 0x00007ff985ef6000 	C:\Windows\System32\win32u.dll
0x00007ff96c3f0000 - 0x00007ff96c67e000 	C:\Windows\WinSxS\amd64_microsoft.windows.common-controls_6595b64144ccf1df_6.0.22621.608_none_a9444ca7c10bb01d\COMCTL32.dll
0x00007ff986640000 - 0x00007ff986669000 	C:\Windows\System32\GDI32.dll
0x00007ff9873e0000 - 0x00007ff987487000 	C:\Windows\System32\msvcrt.dll
0x00007ff985880000 - 0x00007ff985993000 	C:\Windows\System32\gdi32full.dll
0x00007ff9859a0000 - 0x00007ff985a3a000 	C:\Windows\System32\msvcp_win.dll
0x00007ff986340000 - 0x00007ff986371000 	C:\Windows\System32\IMM32.DLL
0x00007ff97c4d0000 - 0x00007ff97c4dc000 	A:\Android_Studio\Android Studio\jbr\bin\vcruntime140_1.dll
0x00007ff92f4e0000 - 0x00007ff92f56d000 	A:\Android_Studio\Android Studio\jbr\bin\msvcp140.dll
0x00007ff901370000 - 0x00007ff901f2c000 	A:\Android_Studio\Android Studio\jbr\bin\server\jvm.dll
0x00007ff987f50000 - 0x00007ff987ffe000 	C:\Windows\System32\ADVAPI32.dll
0x00007ff986380000 - 0x00007ff986424000 	C:\Windows\System32\sechost.dll
0x00007ff986030000 - 0x00007ff986147000 	C:\Windows\System32\RPCRT4.dll
0x00007ff987820000 - 0x00007ff987828000 	C:\Windows\System32\PSAPI.DLL
0x00007ff97dff0000 - 0x00007ff97e024000 	C:\Windows\SYSTEM32\WINMM.dll
0x00007ff97edd0000 - 0x00007ff97edd9000 	C:\Windows\SYSTEM32\WSOCK32.dll
0x00007ff97e5d0000 - 0x00007ff97e5da000 	C:\Windows\SYSTEM32\VERSION.dll
0x00007ff987830000 - 0x00007ff9878a1000 	C:\Windows\System32\WS2_32.dll
0x00007ff9845e0000 - 0x00007ff9845f8000 	C:\Windows\SYSTEM32\kernel.appcore.dll
0x00007ff97ed50000 - 0x00007ff97ed60000 	A:\Android_Studio\Android Studio\jbr\bin\verify.dll
0x00007ff982c70000 - 0x00007ff982e9e000 	C:\Windows\SYSTEM32\DBGHELP.DLL
0x00007ff987490000 - 0x00007ff987819000 	C:\Windows\System32\combase.dll
0x00007ff9872b0000 - 0x00007ff987387000 	C:\Windows\System32\OLEAUT32.dll
0x00007ff96bee0000 - 0x00007ff96bf12000 	C:\Windows\SYSTEM32\dbgcore.DLL
0x00007ff985e50000 - 0x00007ff985ecb000 	C:\Windows\System32\bcryptPrimitives.dll
0x00007ff97b160000 - 0x00007ff97b188000 	A:\Android_Studio\Android Studio\jbr\bin\java.dll
0x00007ff97ecf0000 - 0x00007ff97ecfa000 	A:\Android_Studio\Android Studio\jbr\bin\jimage.dll
0x00007ff97b140000 - 0x00007ff97b158000 	A:\Android_Studio\Android Studio\jbr\bin\zip.dll
0x00007ff986ac0000 - 0x00007ff9872b0000 	C:\Windows\System32\SHELL32.dll
0x00007ff983500000 - 0x00007ff983dcd000 	C:\Windows\SYSTEM32\windows.storage.dll
0x00007ff9833c0000 - 0x00007ff9834fe000 	C:\Windows\SYSTEM32\wintypes.dll
0x00007ff986430000 - 0x00007ff986521000 	C:\Windows\System32\SHCORE.dll
0x00007ff9878b0000 - 0x00007ff98790e000 	C:\Windows\System32\shlwapi.dll
0x00007ff985460000 - 0x00007ff985481000 	C:\Windows\SYSTEM32\profapi.dll
0x00007ff97a1f0000 - 0x00007ff97a209000 	A:\Android_Studio\Android Studio\jbr\bin\net.dll
0x00007ff97e340000 - 0x00007ff97e477000 	C:\Windows\SYSTEM32\WINHTTP.dll
0x00007ff984a90000 - 0x00007ff984af9000 	C:\Windows\system32\mswsock.dll
0x00007ff97a1d0000 - 0x00007ff97a1e3000 	A:\Android_Studio\Android Studio\jbr\bin\nio.dll
0x00007ff97c5f0000 - 0x00007ff97c617000 	C:\Users\wwwpr\.gradle\native\e1d6ef7f7dcc3fd88c89a11ec53ec762bb8ba0a96d01ffa2cd45eb1d1d8dd5c5\windows-amd64\native-platform.dll
0x00007ff91b850000 - 0x00007ff91b994000 	C:\Users\wwwpr\.gradle\native\0d407fdbe67a94daf76414ababcb853783967236a71b16ec16e742cd7a986fd3\windows-amd64\native-platform-file-events.dll
0x00007ff97e820000 - 0x00007ff97e82a000 	A:\Android_Studio\Android Studio\jbr\bin\management.dll
0x00007ff97e640000 - 0x00007ff97e64b000 	A:\Android_Studio\Android Studio\jbr\bin\management_ext.dll
0x00007ff984d30000 - 0x00007ff984d4b000 	C:\Windows\SYSTEM32\CRYPTSP.dll
0x00007ff9845a0000 - 0x00007ff9845d5000 	C:\Windows\system32\rsaenh.dll
0x00007ff984b30000 - 0x00007ff984b58000 	C:\Windows\SYSTEM32\USERENV.dll
0x00007ff984f00000 - 0x00007ff984f28000 	C:\Windows\SYSTEM32\bcrypt.dll
0x00007ff984ca0000 - 0x00007ff984cac000 	C:\Windows\SYSTEM32\CRYPTBASE.dll
0x00007ff984090000 - 0x00007ff9840bd000 	C:\Windows\SYSTEM32\IPHLPAPI.DLL
0x00007ff9869e0000 - 0x00007ff9869e9000 	C:\Windows\System32\NSI.dll
0x00007ff97e300000 - 0x00007ff97e319000 	C:\Windows\SYSTEM32\dhcpcsvc6.DLL
0x00007ff97e2e0000 - 0x00007ff97e2ff000 	C:\Windows\SYSTEM32\dhcpcsvc.DLL
0x00007ff984150000 - 0x00007ff984243000 	C:\Windows\SYSTEM32\DNSAPI.dll

dbghelp: loaded successfully - version: 4.0.5 - missing functions: none
symbol engine: initialized successfully - sym options: 0x614 - pdb path: .;A:\Android_Studio\Android Studio\jbr\bin;C:\Windows\SYSTEM32;C:\Windows\WinSxS\amd64_microsoft.windows.common-controls_6595b64144ccf1df_6.0.22621.608_none_a9444ca7c10bb01d;A:\Android_Studio\Android Studio\jbr\bin\server;C:\Users\wwwpr\.gradle\native\e1d6ef7f7dcc3fd88c89a11ec53ec762bb8ba0a96d01ffa2cd45eb1d1d8dd5c5\windows-amd64;C:\Users\wwwpr\.gradle\native\0d407fdbe67a94daf76414ababcb853783967236a71b16ec16e742cd7a986fd3\windows-amd64

VM Arguments:
jvm_args: --add-opens=java.base/java.util=ALL-UNNAMED --add-opens=java.base/java.lang=ALL-UNNAMED --add-opens=java.base/java.lang.invoke=ALL-UNNAMED --add-opens=java.base/java.util=ALL-UNNAMED --add-opens=java.prefs/java.util.prefs=ALL-UNNAMED --add-opens=java.prefs/java.util.prefs=ALL-UNNAMED --add-opens=java.base/java.nio.charset=ALL-UNNAMED --add-opens=java.base/java.net=ALL-UNNAMED --add-opens=java.base/java.util.concurrent.atomic=ALL-UNNAMED -Xmx2048m -Dfile.encoding=UTF-8 -Duser.country=US -Duser.language=en -Duser.variant 
java_command: org.gradle.launcher.daemon.bootstrap.GradleDaemon 7.5
java_class_path (initial): C:\Users\wwwpr\.gradle\wrapper\dists\gradle-7.5-bin\f1w0cc9nuo0eivz97x2xlu9sv\gradle-7.5\lib\gradle-launcher-7.5.jar
Launcher Type: SUN_STANDARD

[Global flags]
     intx CICompilerCount                          = 4                                         {product} {ergonomic}
     uint ConcGCThreads                            = 3                                         {product} {ergonomic}
     uint G1ConcRefinementThreads                  = 10                                        {product} {ergonomic}
   size_t G1HeapRegionSize                         = 1048576                                   {product} {ergonomic}
    uintx GCDrainStackTargetSize                   = 64                                        {product} {ergonomic}
   size_t InitialHeapSize                          = 199229440                                 {product} {ergonomic}
   size_t MarkStackSize                            = 4194304                                   {product} {ergonomic}
   size_t MaxHeapSize                              = 2147483648                                {product} {command line}
   size_t MaxNewSize                               = 1287651328                                {product} {ergonomic}
   size_t MinHeapDeltaBytes                        = 1048576                                   {product} {ergonomic}
    uintx NonNMethodCodeHeapSize                   = 5836300                                {pd product} {ergonomic}
    uintx NonProfiledCodeHeapSize                  = 122910970                              {pd product} {ergonomic}
    uintx ProfiledCodeHeapSize                     = 122910970                              {pd product} {ergonomic}
    uintx ReservedCodeCacheSize                    = 251658240                              {pd product} {ergonomic}
     bool SegmentedCodeCache                       = true                                      {product} {ergonomic}
     bool UseCompressedClassPointers               = true                                 {lp64_product} {ergonomic}
     bool UseCompressedOops                        = true                                 {lp64_product} {ergonomic}
     bool UseG1GC                                  = true                                      {product} {ergonomic}
     bool UseLargePagesIndividualAllocation        = false                                  {pd product} {ergonomic}

Logging:
Log output configuration:
 #0: stdout all=warning uptime,level,tags
 #1: stderr all=off uptime,level,tags

Environment Variables:
PATH=C:\Windows\system32;C:\Windows;C:\Windows\System32\Wbem;C:\Windows\System32\WindowsPowerShell\v1.0\;C:\Windows\System32\OpenSSH\;C:\Program Files\dotnet\;C:\Program Files\NVIDIA Corporation\NVIDIA NvDLISR;C:\Program Files (x86)\NVIDIA Corporation\PhysX\Common;C:\Program Files\WireGuard\;A:\Node JS\;C:\Users\wwwpr\AppData\Local\Microsoft\WindowsApps;;A:\Microsoft VS Code\bin;C:\Users\wwwpr\AppData\Roaming\npm
USERNAME=wwwpr
OS=Windows_NT
PROCESSOR_IDENTIFIER=Intel64 Family 6 Model 158 Stepping 10, GenuineIntel



---------------  S Y S T E M  ---------------

OS: Windows 11 , 64 bit Build 22621 (10.0.22621.1485)
OS uptime: 8 days 2:03 hours
Hyper-V role detected

CPU:total 12 (initial active 12) (6 cores per cpu, 2 threads per core) family 6 model 158 stepping 10 microcode 0xf0, cmov, cx8, fxsr, mmx, sse, sse2, sse3, ssse3, sse4.1, sse4.2, popcnt, avx, avx2, aes, clmul, erms, 3dnowpref, lzcnt, ht, tsc, tscinvbit, bmi1, bmi2, adx, fma

Memory: 4k page, system-wide physical 12066M (1018M free)
TotalPageFile size 20770M (AvailPageFile size 4106M)
current process WorkingSet (physical memory assigned to process): 398M, peak: 452M
current process commit charge ("private bytes"): 457M, peak: 503M

vm_info: OpenJDK 64-Bit Server VM (11.0.15+0-b2043.56-9505619) for windows-amd64 JRE (11.0.15+0-b2043.56-9505619), built on Jan 19 2023 02:48:00 by "builduser" with unknown MS VC++:1929

END.
